05/11/2021 20:13:21 (Std) 	+-+-+-+-+-+-+-+-+-+-+-+-+-+-+-+-+-+-+-+-+-+-+-+-+-+-+-+-+-+-+-+-+-+-+-+-+-+-+-+
05/11/2021 20:13:21 (Std) 	+                     Crazy Eddie's GUI System - Event log                    +
05/11/2021 20:13:21 (Std) 	+                          (http://www.cegui.org.uk/)                         +
05/11/2021 20:13:21 (Std) 	+-+-+-+-+-+-+-+-+-+-+-+-+-+-+-+-+-+-+-+-+-+-+-+-+-+-+-+-+-+-+-+-+-+-+-+-+-+-+-+

05/11/2021 20:13:21 (Std) 	CEGUI::Logger singleton created. (000001B35BED9E60)
05/11/2021 20:13:21 (Std) 	
05/11/2021 20:13:21 (Std) 	********************************************************************************
05/11/2021 20:13:21 (Std) 	* Important:                                                                   *
05/11/2021 20:13:21 (Std) 	*     To get support at the CEGUI forums, you must post _at least_ the section *
05/11/2021 20:13:21 (Std) 	*     of this log file indicated below.  Failure to do this will result in no  *
05/11/2021 20:13:21 (Std) 	*     support being given; please do not waste our time.                       *
05/11/2021 20:13:21 (Std) 	********************************************************************************
05/11/2021 20:13:21 (Std) 	********************************************************************************
05/11/2021 20:13:21 (Std) 	* -------- START OF ESSENTIAL SECTION TO BE POSTED ON THE FORUM       -------- *
05/11/2021 20:13:21 (Std) 	********************************************************************************
05/11/2021 20:13:21 (Std) 	---- Version: 0.8.7 (Build: Oct  7 2021 Debug Microsoft Windows MSVC++ Unknown MSVC++ version 64 bit) ----
05/11/2021 20:13:21 (Std) 	---- Renderer module is: CEGUI::OpenGL3Renderer - Official OpenGL 3.2 core based renderer module.  TextureTarget support enabled via FBO OGL 3.2 core implementation. ----
05/11/2021 20:13:21 (Std) 	---- XML Parser module is: CEGUI::ExpatParser - Official expat based parser module for CEGUI ----
05/11/2021 20:13:21 (Std) 	---- Image Codec module is: SILLYImageCodec - Official SILLY based image codec ----
05/11/2021 20:13:21 (Std) 	---- Scripting module is: None ----
05/11/2021 20:13:21 (Std) 	********************************************************************************
05/11/2021 20:13:21 (Std) 	* -------- END OF ESSENTIAL SECTION TO BE POSTED ON THE FORUM         -------- *
05/11/2021 20:13:21 (Std) 	********************************************************************************
05/11/2021 20:13:21 (Std) 	
05/11/2021 20:13:21 (Std) 	---- Begining CEGUI System initialisation ----
05/11/2021 20:13:21 (Std) 	[CEGUI::ImageManager] Singleton created (000001B35940FFF0)
05/11/2021 20:13:21 (Std) 	[CEGUI::ImageManager] Registered Image type: BasicImage
05/11/2021 20:13:21 (Std) 	CEGUI::FontManager singleton created. (000001B353F2F860)
05/11/2021 20:13:21 (Std) 	CEGUI::WindowFactoryManager singleton created
05/11/2021 20:13:21 (Std) 	CEGUI::WindowManager singleton created (000001B35941AF00)
05/11/2021 20:13:21 (Std) 	CEGUI::SchemeManager singleton created. (000001B353F2EE60)
05/11/2021 20:13:21 (Std) 	CEGUI::GlobalEventSet singleton created. (000001B359405B80)
05/11/2021 20:13:21 (Std) 	CEGUI::AnimationManager singleton created (000001B35941A480)
05/11/2021 20:13:21 (Std) 	CEGUI::WidgetLookManager singleton created. (000001B35BBEBE30)
05/11/2021 20:13:21 (Std) 	CEGUI::WindowRendererManager singleton created (000001B35BBEBA10)
05/11/2021 20:13:21 (Std) 	CEGUI::RenderEffectManager singleton created (000001B359440310)
05/11/2021 20:13:21 (Std) 	Created WindowFactory for 'DefaultWindow' windows.
05/11/2021 20:13:21 (Std) 	WindowFactory for 'DefaultWindow' windows added. (000001B35945AB90)
05/11/2021 20:13:21 (Std) 	Created WindowFactory for 'DragContainer' windows.
05/11/2021 20:13:21 (Std) 	WindowFactory for 'DragContainer' windows added. (000001B35945BB90)
05/11/2021 20:13:21 (Std) 	Created WindowFactory for 'ScrolledContainer' windows.
05/11/2021 20:13:21 (Std) 	WindowFactory for 'ScrolledContainer' windows added. (000001B35945CB90)
05/11/2021 20:13:21 (Std) 	Created WindowFactory for 'ClippedContainer' windows.
05/11/2021 20:13:21 (Std) 	WindowFactory for 'ClippedContainer' windows added. (000001B35945BF90)
05/11/2021 20:13:21 (Std) 	Created WindowFactory for 'CEGUI/PushButton' windows.
05/11/2021 20:13:21 (Std) 	WindowFactory for 'CEGUI/PushButton' windows added. (000001B35945B290)
05/11/2021 20:13:21 (Std) 	Created WindowFactory for 'CEGUI/RadioButton' windows.
05/11/2021 20:13:21 (Std) 	WindowFactory for 'CEGUI/RadioButton' windows added. (000001B359459090)
05/11/2021 20:13:21 (Std) 	Created WindowFactory for 'CEGUI/Combobox' windows.
05/11/2021 20:13:21 (Std) 	WindowFactory for 'CEGUI/Combobox' windows added. (000001B35945C390)
05/11/2021 20:13:21 (Std) 	Created WindowFactory for 'CEGUI/ComboDropList' windows.
05/11/2021 20:13:21 (Std) 	WindowFactory for 'CEGUI/ComboDropList' windows added. (000001B35945AC90)
05/11/2021 20:13:21 (Std) 	Created WindowFactory for 'CEGUI/Editbox' windows.
05/11/2021 20:13:21 (Std) 	WindowFactory for 'CEGUI/Editbox' windows added. (000001B35945AE90)
05/11/2021 20:13:21 (Std) 	Created WindowFactory for 'CEGUI/FrameWindow' windows.
05/11/2021 20:13:21 (Std) 	WindowFactory for 'CEGUI/FrameWindow' windows added. (000001B35945C090)
05/11/2021 20:13:21 (Std) 	Created WindowFactory for 'CEGUI/ItemEntry' windows.
05/11/2021 20:13:21 (Std) 	WindowFactory for 'CEGUI/ItemEntry' windows added. (000001B35945A790)
05/11/2021 20:13:21 (Std) 	Created WindowFactory for 'CEGUI/Listbox' windows.
05/11/2021 20:13:21 (Std) 	WindowFactory for 'CEGUI/Listbox' windows added. (000001B35945C190)
05/11/2021 20:13:21 (Std) 	Created WindowFactory for 'CEGUI/ListHeader' windows.
05/11/2021 20:13:21 (Std) 	WindowFactory for 'CEGUI/ListHeader' windows added. (000001B359459690)
05/11/2021 20:13:21 (Std) 	Created WindowFactory for 'CEGUI/ListHeaderSegment' windows.
05/11/2021 20:13:21 (Std) 	WindowFactory for 'CEGUI/ListHeaderSegment' windows added. (000001B359459290)
05/11/2021 20:13:21 (Std) 	Created WindowFactory for 'CEGUI/Menubar' windows.
05/11/2021 20:13:21 (Std) 	WindowFactory for 'CEGUI/Menubar' windows added. (000001B359459990)
05/11/2021 20:13:21 (Std) 	Created WindowFactory for 'CEGUI/PopupMenu' windows.
05/11/2021 20:13:21 (Std) 	WindowFactory for 'CEGUI/PopupMenu' windows added. (000001B35945CC90)
05/11/2021 20:13:21 (Std) 	Created WindowFactory for 'CEGUI/MenuItem' windows.
05/11/2021 20:13:21 (Std) 	WindowFactory for 'CEGUI/MenuItem' windows added. (000001B35945B790)
05/11/2021 20:13:21 (Std) 	Created WindowFactory for 'CEGUI/MultiColumnList' windows.
05/11/2021 20:13:21 (Std) 	WindowFactory for 'CEGUI/MultiColumnList' windows added. (000001B359459C90)
05/11/2021 20:13:21 (Std) 	Created WindowFactory for 'CEGUI/MultiLineEditbox' windows.
05/11/2021 20:13:21 (Std) 	WindowFactory for 'CEGUI/MultiLineEditbox' windows added. (000001B35945C790)
05/11/2021 20:13:21 (Std) 	Created WindowFactory for 'CEGUI/ProgressBar' windows.
05/11/2021 20:13:21 (Std) 	WindowFactory for 'CEGUI/ProgressBar' windows added. (000001B35945BC90)
05/11/2021 20:13:21 (Std) 	Created WindowFactory for 'CEGUI/ScrollablePane' windows.
05/11/2021 20:13:21 (Std) 	WindowFactory for 'CEGUI/ScrollablePane' windows added. (000001B35945BD90)
05/11/2021 20:13:21 (Std) 	Created WindowFactory for 'CEGUI/Scrollbar' windows.
05/11/2021 20:13:21 (Std) 	WindowFactory for 'CEGUI/Scrollbar' windows added. (000001B359459390)
05/11/2021 20:13:21 (Std) 	Created WindowFactory for 'CEGUI/Slider' windows.
05/11/2021 20:13:21 (Std) 	WindowFactory for 'CEGUI/Slider' windows added. (000001B35945B990)
05/11/2021 20:13:21 (Std) 	Created WindowFactory for 'CEGUI/Spinner' windows.
05/11/2021 20:13:21 (Std) 	WindowFactory for 'CEGUI/Spinner' windows added. (000001B35945A890)
05/11/2021 20:13:21 (Std) 	Created WindowFactory for 'CEGUI/TabButton' windows.
05/11/2021 20:13:21 (Std) 	WindowFactory for 'CEGUI/TabButton' windows added. (000001B35945CA90)
05/11/2021 20:13:21 (Std) 	Created WindowFactory for 'CEGUI/TabControl' windows.
05/11/2021 20:13:21 (Std) 	WindowFactory for 'CEGUI/TabControl' windows added. (000001B35945C890)
05/11/2021 20:13:21 (Std) 	Created WindowFactory for 'CEGUI/Thumb' windows.
05/11/2021 20:13:21 (Std) 	WindowFactory for 'CEGUI/Thumb' windows added. (000001B359459490)
05/11/2021 20:13:21 (Std) 	Created WindowFactory for 'CEGUI/Titlebar' windows.
05/11/2021 20:13:21 (Std) 	WindowFactory for 'CEGUI/Titlebar' windows added. (000001B35945C290)
05/11/2021 20:13:21 (Std) 	Created WindowFactory for 'CEGUI/ToggleButton' windows.
05/11/2021 20:13:21 (Std) 	WindowFactory for 'CEGUI/ToggleButton' windows added. (000001B35945A490)
05/11/2021 20:13:21 (Std) 	Created WindowFactory for 'CEGUI/Tooltip' windows.
05/11/2021 20:13:21 (Std) 	WindowFactory for 'CEGUI/Tooltip' windows added. (000001B359458E90)
05/11/2021 20:13:21 (Std) 	Created WindowFactory for 'CEGUI/ItemListbox' windows.
05/11/2021 20:13:21 (Std) 	WindowFactory for 'CEGUI/ItemListbox' windows added. (000001B35945AD90)
05/11/2021 20:13:21 (Std) 	Created WindowFactory for 'CEGUI/GroupBox' windows.
05/11/2021 20:13:21 (Std) 	WindowFactory for 'CEGUI/GroupBox' windows added. (000001B35945AF90)
05/11/2021 20:13:21 (Std) 	Created WindowFactory for 'CEGUI/Tree' windows.
05/11/2021 20:13:21 (Std) 	WindowFactory for 'CEGUI/Tree' windows added. (000001B35945C490)
05/11/2021 20:13:21 (Std) 	Created WindowFactory for 'LayoutCell' windows.
05/11/2021 20:13:21 (Std) 	WindowFactory for 'LayoutCell' windows added. (000001B35945B490)
05/11/2021 20:13:21 (Std) 	Created WindowFactory for 'HorizontalLayoutContainer' windows.
05/11/2021 20:13:21 (Std) 	WindowFactory for 'HorizontalLayoutContainer' windows added. (000001B35945BE90)
05/11/2021 20:13:21 (Std) 	Created WindowFactory for 'VerticalLayoutContainer' windows.
05/11/2021 20:13:21 (Std) 	WindowFactory for 'VerticalLayoutContainer' windows added. (000001B359459A90)
05/11/2021 20:13:21 (Std) 	Created WindowFactory for 'GridLayoutContainer' windows.
05/11/2021 20:13:21 (Std) 	WindowFactory for 'GridLayoutContainer' windows added. (000001B35945A190)
05/11/2021 20:13:21 (Std) 	CEGUI::System singleton created. (000001B356F54910)
05/11/2021 20:13:21 (Std) 	---- CEGUI System initialisation completed ----
05/11/2021 20:13:21 (Std) 	
05/11/2021 20:13:21 (Std) 	Started creation of Scheme from XML specification:
05/11/2021 20:13:21 (Std) 	---- CEGUI GUIScheme name: TaharezLook
05/11/2021 20:13:21 (Std) 	[ImageManager] Started creation of Imageset from XML specification:
05/11/2021 20:13:21 (Std) 	[ImageManager] ---- CEGUI Imageset name: TaharezLook
05/11/2021 20:13:21 (Std) 	[ImageManager] ---- Source texture file: TaharezLook.png
05/11/2021 20:13:21 (Std) 	[ImageManager] ---- Source texture resource group: (Default)
05/11/2021 20:13:21 (Std) 	[OpenGLRenderer] Created texture: TaharezLook
05/11/2021 20:13:21 (Std) 	[ImageManager] Created image: 'TaharezLook/ClientBrush' (000001B35941E6D0) of type: BasicImage
05/11/2021 20:13:21 (Std) 	[ImageManager] Created image: 'TaharezLook/GenericBrush' (000001B35941EC10) of type: BasicImage
05/11/2021 20:13:21 (Std) 	[ImageManager] Created image: 'TaharezLook/WindowLeftEdge' (000001B35941ED60) of type: BasicImage
05/11/2021 20:13:21 (Std) 	[ImageManager] Created image: 'TaharezLook/WindowRightEdge' (000001B359286120) of type: BasicImage
05/11/2021 20:13:21 (Std) 	[ImageManager] Created image: 'TaharezLook/WindowTopEdge' (000001B3592857F0) of type: BasicImage
05/11/2021 20:13:21 (Std) 	[ImageManager] Created image: 'TaharezLook/WindowBottomEdge' (000001B35BED6860) of type: BasicImage
05/11/2021 20:13:21 (Std) 	[ImageManager] Created image: 'TaharezLook/WindowTopLeft' (000001B35BED6710) of type: BasicImage
05/11/2021 20:13:21 (Std) 	[ImageManager] Created image: 'TaharezLook/WindowTopRight' (000001B35BED65C0) of type: BasicImage
05/11/2021 20:13:21 (Std) 	[ImageManager] Created image: 'TaharezLook/WindowBottomLeft' (000001B35BED6C50) of type: BasicImage
05/11/2021 20:13:21 (Std) 	[ImageManager] Created image: 'TaharezLook/WindowBottomRight' (000001B35BED69B0) of type: BasicImage
05/11/2021 20:13:21 (Std) 	[ImageManager] Created image: 'TaharezLook/ButtonLeftNormal' (000001B35BED6B00) of type: BasicImage
05/11/2021 20:13:21 (Std) 	[ImageManager] Created image: 'TaharezLook/ButtonMiddleNormal' (000001B35BED76D0) of type: BasicImage
05/11/2021 20:13:21 (Std) 	[ImageManager] Created image: 'TaharezLook/ButtonRightNormal' (000001B35BED6470) of type: BasicImage
05/11/2021 20:13:21 (Std) 	[ImageManager] Created image: 'TaharezLook/ButtonLeftPushed' (000001B35BED6DA0) of type: BasicImage
05/11/2021 20:13:21 (Std) 	[ImageManager] Created image: 'TaharezLook/ButtonMiddlePushed' (000001B35BED6080) of type: BasicImage
05/11/2021 20:13:21 (Std) 	[ImageManager] Created image: 'TaharezLook/ButtonRightPushed' (000001B35BED6EF0) of type: BasicImage
05/11/2021 20:13:21 (Std) 	[ImageManager] Created image: 'TaharezLook/ButtonLeftHighlight' (000001B35BED7040) of type: BasicImage
05/11/2021 20:13:21 (Std) 	[ImageManager] Created image: 'TaharezLook/ButtonMiddleHighlight' (000001B35BED7190) of type: BasicImage
05/11/2021 20:13:21 (Std) 	[ImageManager] Created image: 'TaharezLook/ButtonRightHighlight' (000001B35BED7580) of type: BasicImage
05/11/2021 20:13:21 (Std) 	[ImageManager] Created image: 'TaharezLook/CheckboxNormal' (000001B35BED72E0) of type: BasicImage
05/11/2021 20:13:21 (Std) 	[ImageManager] Created image: 'TaharezLook/CheckboxHover' (000001B35BED7430) of type: BasicImage
05/11/2021 20:13:21 (Std) 	[ImageManager] Created image: 'TaharezLook/CheckboxMark' (000001B35BED7820) of type: BasicImage
05/11/2021 20:13:21 (Std) 	[ImageManager] Created image: 'TaharezLook/RadioButtonNormal' (000001B35BED61D0) of type: BasicImage
05/11/2021 20:13:21 (Std) 	[ImageManager] Created image: 'TaharezLook/RadioButtonHover' (000001B35BED59F0) of type: BasicImage
05/11/2021 20:13:21 (Std) 	[ImageManager] Created image: 'TaharezLook/RadioButtonMark' (000001B35BED5B40) of type: BasicImage
05/11/2021 20:13:21 (Std) 	[ImageManager] Created image: 'TaharezLook/TitlebarLeft' (000001B35BED5C90) of type: BasicImage
05/11/2021 20:13:21 (Std) 	[ImageManager] Created image: 'TaharezLook/TitlebarMiddle' (000001B35BED5DE0) of type: BasicImage
05/11/2021 20:13:21 (Std) 	[ImageManager] Created image: 'TaharezLook/TitlebarRight' (000001B35BED5F30) of type: BasicImage
05/11/2021 20:13:21 (Std) 	[ImageManager] Created image: 'TaharezLook/NewTitlebarLeft' (000001B35BED6320) of type: BasicImage
05/11/2021 20:13:21 (Std) 	[ImageManager] Created image: 'TaharezLook/NewTitlebarMiddle' (000001B35C01AF30) of type: BasicImage
05/11/2021 20:13:21 (Std) 	[ImageManager] Created image: 'TaharezLook/NewTitlebarRight' (000001B35C01C6D0) of type: BasicImage
05/11/2021 20:13:21 (Std) 	[ImageManager] Created image: 'TaharezLook/SysAreaMiddle' (000001B35C01B470) of type: BasicImage
05/11/2021 20:13:21 (Std) 	[ImageManager] Created image: 'TaharezLook/SysAreaRight' (000001B35C01CC10) of type: BasicImage
05/11/2021 20:13:21 (Std) 	[ImageManager] Created image: 'TaharezLook/StaticLeft' (000001B35C01B320) of type: BasicImage
05/11/2021 20:13:21 (Std) 	[ImageManager] Created image: 'TaharezLook/StaticRight' (000001B35C01CD60) of type: BasicImage
05/11/2021 20:13:21 (Std) 	[ImageManager] Created image: 'TaharezLook/StaticTop' (000001B35C01B5C0) of type: BasicImage
05/11/2021 20:13:21 (Std) 	[ImageManager] Created image: 'TaharezLook/StaticBottom' (000001B35C01B710) of type: BasicImage
05/11/2021 20:13:21 (Std) 	[ImageManager] Created image: 'TaharezLook/StaticTopLeft' (000001B35C01B860) of type: BasicImage
05/11/2021 20:13:21 (Std) 	[ImageManager] Created image: 'TaharezLook/StaticTopRight' (000001B35C01B080) of type: BasicImage
05/11/2021 20:13:21 (Std) 	[ImageManager] Created image: 'TaharezLook/StaticBottomLeft' (000001B35C01BEF0) of type: BasicImage
05/11/2021 20:13:21 (Std) 	[ImageManager] Created image: 'TaharezLook/StaticBottomRight' (000001B35C01C040) of type: BasicImage
05/11/2021 20:13:21 (Std) 	[ImageManager] Created image: 'TaharezLook/StaticBackdrop' (000001B35C01B9B0) of type: BasicImage
05/11/2021 20:13:21 (Std) 	[ImageManager] Created image: 'TaharezLook/ProgressBarLeft' (000001B35C01BB00) of type: BasicImage
05/11/2021 20:13:21 (Std) 	[ImageManager] Created image: 'TaharezLook/ProgressBarMiddle' (000001B35C01C190) of type: BasicImage
05/11/2021 20:13:21 (Std) 	[ImageManager] Created image: 'TaharezLook/ProgressBarRight' (000001B35C01B1D0) of type: BasicImage
05/11/2021 20:13:21 (Std) 	[ImageManager] Created image: 'TaharezLook/ProgressBarDimSegment' (000001B35C01BC50) of type: BasicImage
05/11/2021 20:13:21 (Std) 	[ImageManager] Created image: 'TaharezLook/ProgressBarLitSegment' (000001B35C01C2E0) of type: BasicImage
05/11/2021 20:13:21 (Std) 	[ImageManager] Created image: 'TaharezLook/EditBoxLeft' (000001B35C01BDA0) of type: BasicImage
05/11/2021 20:13:21 (Std) 	[ImageManager] Created image: 'TaharezLook/EditBoxMiddle' (000001B35C01C430) of type: BasicImage
05/11/2021 20:13:21 (Std) 	[ImageManager] Created image: 'TaharezLook/EditBoxRight' (000001B35C01C820) of type: BasicImage
05/11/2021 20:13:21 (Std) 	[ImageManager] Created image: 'TaharezLook/EditBoxCaret' (000001B35C01C580) of type: BasicImage
05/11/2021 20:13:21 (Std) 	[ImageManager] Created image: 'TaharezLook/SpinnerUpNormal' (000001B35C01C970) of type: BasicImage
05/11/2021 20:13:21 (Std) 	[ImageManager] Created image: 'TaharezLook/SpinnerDownNormal' (000001B35C01CAC0) of type: BasicImage
05/11/2021 20:13:21 (Std) 	[ImageManager] Created image: 'TaharezLook/SpinnerUpHover' (000001B35C51C050) of type: BasicImage
05/11/2021 20:13:21 (Std) 	[ImageManager] Created image: 'TaharezLook/SpinnerDownHover' (000001B35C51C440) of type: BasicImage
05/11/2021 20:13:21 (Std) 	[ImageManager] Created image: 'TaharezLook/TextSelectionBrush' (000001B35C51C830) of type: BasicImage
05/11/2021 20:13:21 (Std) 	[ImageManager] Created image: 'TaharezLook/VertScrollTop' (000001B35C51D400) of type: BasicImage
05/11/2021 20:13:21 (Std) 	[ImageManager] Created image: 'TaharezLook/VertScrollMiddle' (000001B35C51CD70) of type: BasicImage
05/11/2021 20:13:21 (Std) 	[ImageManager] Created image: 'TaharezLook/VertScrollBottom' (000001B35C51B720) of type: BasicImage
05/11/2021 20:13:21 (Std) 	[ImageManager] Created image: 'TaharezLook/VertScrollBarSegment' (000001B35C51D160) of type: BasicImage
05/11/2021 20:13:21 (Std) 	[ImageManager] Created image: 'TaharezLook/VertScrollThumbNormal' (000001B35C51B5D0) of type: BasicImage
05/11/2021 20:13:21 (Std) 	[ImageManager] Created image: 'TaharezLook/VertScrollThumbHover' (000001B35C51CC20) of type: BasicImage
05/11/2021 20:13:21 (Std) 	[ImageManager] Created image: 'TaharezLook/VertScrollUpNormal' (000001B35C51D010) of type: BasicImage
05/11/2021 20:13:21 (Std) 	[ImageManager] Created image: 'TaharezLook/VertScrollDownNormal' (000001B35C51B9C0) of type: BasicImage
05/11/2021 20:13:21 (Std) 	[ImageManager] Created image: 'TaharezLook/VertScrollUpHover' (000001B35C51CEC0) of type: BasicImage
05/11/2021 20:13:21 (Std) 	[ImageManager] Created image: 'TaharezLook/VertScrollDownHover' (000001B35C51C1A0) of type: BasicImage
05/11/2021 20:13:21 (Std) 	[ImageManager] Created image: 'TaharezLook/MiniVertScrollBarSegment' (000001B35C51C2F0) of type: BasicImage
05/11/2021 20:13:21 (Std) 	[ImageManager] Created image: 'TaharezLook/MiniVertScrollThumbNormal' (000001B35C51C980) of type: BasicImage
05/11/2021 20:13:21 (Std) 	[ImageManager] Created image: 'TaharezLook/MiniVertScrollThumbTopNormal' (000001B35C51BC60) of type: BasicImage
05/11/2021 20:13:21 (Std) 	[ImageManager] Created image: 'TaharezLook/MiniVertScrollThumbMiddleNormal' (000001B35C51D2B0) of type: BasicImage
05/11/2021 20:13:21 (Std) 	[ImageManager] Created image: 'TaharezLook/MiniVertScrollThumbBottomNormal' (000001B35C51C590) of type: BasicImage
05/11/2021 20:13:21 (Std) 	[ImageManager] Created image: 'TaharezLook/MiniVertScrollThumbTopHover' (000001B35C51B870) of type: BasicImage
05/11/2021 20:13:21 (Std) 	[ImageManager] Created image: 'TaharezLook/MiniVertScrollThumbMiddleHover' (000001B35C51BF00) of type: BasicImage
05/11/2021 20:13:21 (Std) 	[ImageManager] Created image: 'TaharezLook/MiniVertScrollThumbBottomHover' (000001B35C51C6E0) of type: BasicImage
05/11/2021 20:13:21 (Std) 	[ImageManager] Created image: 'TaharezLook/MiniVertScrollThumbHover' (000001B35C51CAD0) of type: BasicImage
05/11/2021 20:13:21 (Std) 	[ImageManager] Created image: 'TaharezLook/MiniVertScrollUpNormal' (000001B35C51BB10) of type: BasicImage
05/11/2021 20:13:21 (Std) 	[ImageManager] Created image: 'TaharezLook/MiniVertScrollDownNormal' (000001B35C51BDB0) of type: BasicImage
05/11/2021 20:13:21 (Std) 	[ImageManager] Created image: 'TaharezLook/MiniVertScrollUpHover' (000001B35BEBBF90) of type: BasicImage
05/11/2021 20:13:21 (Std) 	[ImageManager] Created image: 'TaharezLook/MiniVertScrollDownHover' (000001B35BEBCA10) of type: BasicImage
05/11/2021 20:13:21 (Std) 	[ImageManager] Created image: 'TaharezLook/VertSliderBody' (000001B35BEBC380) of type: BasicImage
05/11/2021 20:13:21 (Std) 	[ImageManager] Created image: 'TaharezLook/VertSliderThumbNormal' (000001B35BEBAFD0) of type: BasicImage
05/11/2021 20:13:21 (Std) 	[ImageManager] Created image: 'TaharezLook/VertSliderThumbHover' (000001B35BEBAE80) of type: BasicImage
05/11/2021 20:13:21 (Std) 	[ImageManager] Created image: 'TaharezLook/MiniHorzScrollBarSegment' (000001B35BEBABE0) of type: BasicImage
05/11/2021 20:13:21 (Std) 	[ImageManager] Created image: 'TaharezLook/MiniHorzScrollThumbNormal' (000001B35BEBAD30) of type: BasicImage
05/11/2021 20:13:21 (Std) 	[ImageManager] Created image: 'TaharezLook/MiniHorzScrollThumbLeftNormal' (000001B35BEBB120) of type: BasicImage
05/11/2021 20:13:21 (Std) 	[ImageManager] Created image: 'TaharezLook/MiniHorzScrollThumbMiddleNormal' (000001B35BEBC8C0) of type: BasicImage
05/11/2021 20:13:21 (Std) 	[ImageManager] Created image: 'TaharezLook/MiniHorzScrollThumbRightNormal' (000001B35BEBB3C0) of type: BasicImage
05/11/2021 20:13:21 (Std) 	[ImageManager] Created image: 'TaharezLook/MiniHorzScrollThumbHover' (000001B35BEBB900) of type: BasicImage
05/11/2021 20:13:21 (Std) 	[ImageManager] Created image: 'TaharezLook/MiniHorzScrollThumbLeftHover' (000001B35BEBBCF0) of type: BasicImage
05/11/2021 20:13:21 (Std) 	[ImageManager] Created image: 'TaharezLook/MiniHorzScrollThumbMiddleHover' (000001B35BEBC0E0) of type: BasicImage
05/11/2021 20:13:21 (Std) 	[ImageManager] Created image: 'TaharezLook/MiniHorzScrollThumbRightHover' (000001B35BEBB270) of type: BasicImage
05/11/2021 20:13:21 (Std) 	[ImageManager] Created image: 'TaharezLook/MiniHorzScrollLeftNormal' (000001B35BEBBA50) of type: BasicImage
05/11/2021 20:13:21 (Std) 	[ImageManager] Created image: 'TaharezLook/MiniHorzScrollRightNormal' (000001B35BEBC230) of type: BasicImage
05/11/2021 20:13:21 (Std) 	[ImageManager] Created image: 'TaharezLook/MiniHorzScrollLeftHover' (000001B35BEBB510) of type: BasicImage
05/11/2021 20:13:21 (Std) 	[ImageManager] Created image: 'TaharezLook/MiniHorzScrollRightHover' (000001B35BEBC4D0) of type: BasicImage
05/11/2021 20:13:21 (Std) 	[ImageManager] Created image: 'TaharezLook/ListboxLeft' (000001B35BEBBBA0) of type: BasicImage
05/11/2021 20:13:21 (Std) 	[ImageManager] Created image: 'TaharezLook/ListboxRight' (000001B35BEBB660) of type: BasicImage
05/11/2021 20:13:21 (Std) 	[ImageManager] Created image: 'TaharezLook/ListboxTop' (000001B35BEBC620) of type: BasicImage
05/11/2021 20:13:21 (Std) 	[ImageManager] Created image: 'TaharezLook/ListboxBottom' (000001B35BEBBE40) of type: BasicImage
05/11/2021 20:13:21 (Std) 	[ImageManager] Created image: 'TaharezLook/ListboxTopLeft' (000001B35BEBB7B0) of type: BasicImage
05/11/2021 20:13:21 (Std) 	[ImageManager] Created image: 'TaharezLook/ListboxTopRight' (000001B35BEBC770) of type: BasicImage
05/11/2021 20:13:21 (Std) 	[ImageManager] Created image: 'TaharezLook/ListboxBottomLeft' (000001B35BEBF7D0) of type: BasicImage
05/11/2021 20:13:21 (Std) 	[ImageManager] Created image: 'TaharezLook/ListboxBottomRight' (000001B35BEBF530) of type: BasicImage
05/11/2021 20:13:21 (Std) 	[ImageManager] Created image: 'TaharezLook/ListboxBackdrop' (000001B35BEBF920) of type: BasicImage
05/11/2021 20:13:21 (Std) 	[ImageManager] Created image: 'TaharezLook/ListboxSelectionBrush' (000001B35BEBEFF0) of type: BasicImage
05/11/2021 20:13:21 (Std) 	[ImageManager] Created image: 'TaharezLook/ComboboxEditLeft' (000001B35BEC0A30) of type: BasicImage
05/11/2021 20:13:21 (Std) 	[ImageManager] Created image: 'TaharezLook/ComboboxEditMiddle' (000001B35BEC0250) of type: BasicImage
05/11/2021 20:13:21 (Std) 	[ImageManager] Created image: 'TaharezLook/ComboboxListButtonNormal' (000001B35BEBEC00) of type: BasicImage
05/11/2021 20:13:21 (Std) 	[ImageManager] Created image: 'TaharezLook/ComboboxListButtonHover' (000001B35BEBF3E0) of type: BasicImage
05/11/2021 20:13:21 (Std) 	[ImageManager] Created image: 'TaharezLook/ComboboxListLeft' (000001B35BEBED50) of type: BasicImage
05/11/2021 20:13:21 (Std) 	[ImageManager] Created image: 'TaharezLook/ComboboxListRight' (000001B35BEC04F0) of type: BasicImage
05/11/2021 20:13:21 (Std) 	[ImageManager] Created image: 'TaharezLook/ComboboxListTop' (000001B35BEBFFB0) of type: BasicImage
05/11/2021 20:13:21 (Std) 	[ImageManager] Created image: 'TaharezLook/ComboboxListBottom' (000001B35BEBFA70) of type: BasicImage
05/11/2021 20:13:21 (Std) 	[ImageManager] Created image: 'TaharezLook/ComboboxListTopLeft' (000001B35BEBEEA0) of type: BasicImage
05/11/2021 20:13:21 (Std) 	[ImageManager] Created image: 'TaharezLook/ComboboxListTopRight' (000001B35BEC0640) of type: BasicImage
05/11/2021 20:13:21 (Std) 	[ImageManager] Created image: 'TaharezLook/ComboboxListBottomLeft' (000001B35BEBF680) of type: BasicImage
05/11/2021 20:13:21 (Std) 	[ImageManager] Created image: 'TaharezLook/ComboboxListBottomRight' (000001B35BEC0100) of type: BasicImage
05/11/2021 20:13:21 (Std) 	[ImageManager] Created image: 'TaharezLook/ComboboxListBackdrop' (000001B35BEBFBC0) of type: BasicImage
05/11/2021 20:13:21 (Std) 	[ImageManager] Created image: 'TaharezLook/ComboboxSelectionBrush' (000001B35BEBF140) of type: BasicImage
05/11/2021 20:13:21 (Std) 	[ImageManager] Created image: 'TaharezLook/ComboboxDividerLeft' (000001B35BEC08E0) of type: BasicImage
05/11/2021 20:13:21 (Std) 	[ImageManager] Created image: 'TaharezLook/ComboboxDividerMiddle' (000001B35BEBF290) of type: BasicImage
05/11/2021 20:13:21 (Std) 	[ImageManager] Created image: 'TaharezLook/ComboboxDividerRight' (000001B35BEBFD10) of type: BasicImage
05/11/2021 20:13:21 (Std) 	[ImageManager] Created image: 'TaharezLook/HeaderBarBackdropNormal' (000001B35BEBFE60) of type: BasicImage
05/11/2021 20:13:21 (Std) 	[ImageManager] Created image: 'TaharezLook/HeaderBarBackdropHover' (000001B35BEC03A0) of type: BasicImage
05/11/2021 20:13:21 (Std) 	[ImageManager] Created image: 'TaharezLook/HeaderBarSplitterNormal' (000001B35BEC0790) of type: BasicImage
05/11/2021 20:13:21 (Std) 	[ImageManager] Created image: 'TaharezLook/HeaderBarSplitterHover' (000001B35C50BAF0) of type: BasicImage
05/11/2021 20:13:21 (Std) 	[ImageManager] Created image: 'TaharezLook/HeaderBarSortUp' (000001B35C50D140) of type: BasicImage
05/11/2021 20:13:21 (Std) 	[ImageManager] Created image: 'TaharezLook/HeaderBarSortDown' (000001B35C50D3E0) of type: BasicImage
05/11/2021 20:13:21 (Std) 	[ImageManager] Created image: 'TaharezLook/MultiListLeft' (000001B35C50B5B0) of type: BasicImage
05/11/2021 20:13:21 (Std) 	[ImageManager] Created image: 'TaharezLook/MultiListRight' (000001B35C50BC40) of type: BasicImage
05/11/2021 20:13:21 (Std) 	[ImageManager] Created image: 'TaharezLook/MultiListTop' (000001B35C50BEE0) of type: BasicImage
05/11/2021 20:13:21 (Std) 	[ImageManager] Created image: 'TaharezLook/MultiListBottom' (000001B35C50B850) of type: BasicImage
05/11/2021 20:13:21 (Std) 	[ImageManager] Created image: 'TaharezLook/MultiListTopLeft' (000001B35C50D290) of type: BasicImage
05/11/2021 20:13:21 (Std) 	[ImageManager] Created image: 'TaharezLook/MultiListTopRight' (000001B35C50B700) of type: BasicImage
05/11/2021 20:13:21 (Std) 	[ImageManager] Created image: 'TaharezLook/MultiListBottomLeft' (000001B35C50B9A0) of type: BasicImage
05/11/2021 20:13:21 (Std) 	[ImageManager] Created image: 'TaharezLook/MultiListBottomRight' (000001B35C50CC00) of type: BasicImage
05/11/2021 20:13:21 (Std) 	[ImageManager] Created image: 'TaharezLook/MultiListBackdrop' (000001B35C50CEA0) of type: BasicImage
05/11/2021 20:13:21 (Std) 	[ImageManager] Created image: 'TaharezLook/MultiListSelectionBrush' (000001B35C50C030) of type: BasicImage
05/11/2021 20:13:21 (Std) 	[ImageManager] Created image: 'TaharezLook/AltProgressLeft' (000001B35C50BD90) of type: BasicImage
05/11/2021 20:13:21 (Std) 	[ImageManager] Created image: 'TaharezLook/AltProgressMiddle' (000001B35C50C180) of type: BasicImage
05/11/2021 20:13:21 (Std) 	[ImageManager] Created image: 'TaharezLook/AltProgressRight' (000001B35C50CD50) of type: BasicImage
05/11/2021 20:13:21 (Std) 	[ImageManager] Created image: 'TaharezLook/AltProgressQuarter' (000001B35C50C2D0) of type: BasicImage
05/11/2021 20:13:21 (Std) 	[ImageManager] Created image: 'TaharezLook/AltProgressHalf' (000001B35C50CFF0) of type: BasicImage
05/11/2021 20:13:21 (Std) 	[ImageManager] Created image: 'TaharezLook/AltProgressLight1' (000001B35C50C810) of type: BasicImage
05/11/2021 20:13:21 (Std) 	[ImageManager] Created image: 'TaharezLook/AltProgressLight2' (000001B35C50C420) of type: BasicImage
05/11/2021 20:13:21 (Std) 	[ImageManager] Created image: 'TaharezLook/AltProgressLight3' (000001B35C50CAB0) of type: BasicImage
05/11/2021 20:13:21 (Std) 	[ImageManager] Created image: 'TaharezLook/AltProgressLight4' (000001B35C50C960) of type: BasicImage
05/11/2021 20:13:21 (Std) 	[ImageManager] Created image: 'TaharezLook/AltProgressLight5' (000001B35C50C570) of type: BasicImage
05/11/2021 20:13:21 (Std) 	[ImageManager] Created image: 'TaharezLook/AltProgressLight6' (000001B35C50C6C0) of type: BasicImage
05/11/2021 20:13:21 (Std) 	[ImageManager] Created image: 'TaharezLook/AltProgressLight7' (000001B35BEBE780) of type: BasicImage
05/11/2021 20:13:21 (Std) 	[ImageManager] Created image: 'TaharezLook/AltProgressLight8' (000001B35BEBE630) of type: BasicImage
05/11/2021 20:13:21 (Std) 	[ImageManager] Created image: 'TaharezLook/AltProgressLight9' (000001B35BEBD3D0) of type: BasicImage
05/11/2021 20:13:21 (Std) 	[ImageManager] Created image: 'TaharezLook/AltProgressLight10' (000001B35BEBDFA0) of type: BasicImage
05/11/2021 20:13:21 (Std) 	[ImageManager] Created image: 'TaharezLook/CloseButtonNormal' (000001B35BEBD910) of type: BasicImage
05/11/2021 20:13:21 (Std) 	[ImageManager] Created image: 'TaharezLook/CloseButtonHover' (000001B35BEBDA60) of type: BasicImage
05/11/2021 20:13:21 (Std) 	[ImageManager] Created image: 'TaharezLook/CloseButtonPressed' (000001B35BEBEA20) of type: BasicImage
05/11/2021 20:13:21 (Std) 	[ImageManager] Created image: 'TaharezLook/NewCloseButtonNormal' (000001B35BEBCFE0) of type: BasicImage
05/11/2021 20:13:21 (Std) 	[ImageManager] Created image: 'TaharezLook/NewCloseButtonHover' (000001B35BEBE0F0) of type: BasicImage
05/11/2021 20:13:21 (Std) 	[ImageManager] Created image: 'TaharezLook/NewCloseButtonPressed' (000001B35BEBE8D0) of type: BasicImage
05/11/2021 20:13:21 (Std) 	[ImageManager] Created image: 'TaharezLook/MultiLineEditboxLeft' (000001B35BEBDE50) of type: BasicImage
05/11/2021 20:13:21 (Std) 	[ImageManager] Created image: 'TaharezLook/MultiLineEditboxRight' (000001B35BEBE240) of type: BasicImage
05/11/2021 20:13:21 (Std) 	[ImageManager] Created image: 'TaharezLook/MultiLineEditboxTop' (000001B35BEBE390) of type: BasicImage
05/11/2021 20:13:21 (Std) 	[ImageManager] Created image: 'TaharezLook/MultiLineEditboxBottom' (000001B35BEBDBB0) of type: BasicImage
05/11/2021 20:13:21 (Std) 	[ImageManager] Created image: 'TaharezLook/MultiLineEditboxTopLeft' (000001B35BEBE4E0) of type: BasicImage
05/11/2021 20:13:21 (Std) 	[ImageManager] Created image: 'TaharezLook/MultiLineEditboxTopRight' (000001B35BEBCBF0) of type: BasicImage
05/11/2021 20:13:21 (Std) 	[ImageManager] Created image: 'TaharezLook/MultiLineEditboxBottomLeft' (000001B35BEBCD40) of type: BasicImage
05/11/2021 20:13:21 (Std) 	[ImageManager] Created image: 'TaharezLook/MultiLineEditboxBottomRight' (000001B35BEBCE90) of type: BasicImage
05/11/2021 20:13:21 (Std) 	[ImageManager] Created image: 'TaharezLook/MultiLineEditboxBackdrop' (000001B35BEBD130) of type: BasicImage
05/11/2021 20:13:21 (Std) 	[ImageManager] Created image: 'TaharezLook/MultiLineEditboxSelectionBrush' (000001B35BEBD280) of type: BasicImage
05/11/2021 20:13:21 (Std) 	[ImageManager] Created image: 'TaharezLook/MouseTarget' (000001B35BEBD7C0) of type: BasicImage
05/11/2021 20:13:21 (Std) 	[ImageManager] Created image: 'TaharezLook/MouseArrow' (000001B35BEBD520) of type: BasicImage
05/11/2021 20:13:21 (Std) 	[ImageManager] Created image: 'TaharezLook/MouseMoveCursor' (000001B35BEBD670) of type: BasicImage
05/11/2021 20:13:21 (Std) 	[ImageManager] Created image: 'TaharezLook/MouseNoSoCursor' (000001B35BEBDD00) of type: BasicImage
05/11/2021 20:13:21 (Std) 	[ImageManager] Created image: 'TaharezLook/MouseEsWeCursor' (000001B35CA800C0) of type: BasicImage
05/11/2021 20:13:21 (Std) 	[ImageManager] Created image: 'TaharezLook/MouseNeSwCursor' (000001B35CA81470) of type: BasicImage
05/11/2021 20:13:21 (Std) 	[ImageManager] Created image: 'TaharezLook/MouseNwSeCursor' (000001B35CA811D0) of type: BasicImage
05/11/2021 20:13:21 (Std) 	[ImageManager] Created image: 'TaharezLook/MouseTextBar' (000001B35CA81860) of type: BasicImage
05/11/2021 20:13:21 (Std) 	[ImageManager] Created image: 'TaharezLook/TabHorizontalFiller' (000001B35CA80C90) of type: BasicImage
05/11/2021 20:13:21 (Std) 	[ImageManager] Created image: 'TaharezLook/TabContentPaneUpperLeft' (000001B35CA819B0) of type: BasicImage
05/11/2021 20:13:21 (Std) 	[ImageManager] Created image: 'TaharezLook/TabContentPaneUpper' (000001B35CA81C50) of type: BasicImage
05/11/2021 20:13:21 (Std) 	[ImageManager] Created image: 'TaharezLook/TabContentPaneUpperRight' (000001B35CA81080) of type: BasicImage
05/11/2021 20:13:21 (Std) 	[ImageManager] Created image: 'TaharezLook/TabContentPaneLeft' (000001B35CA80B40) of type: BasicImage
05/11/2021 20:13:21 (Std) 	[ImageManager] Created image: 'TaharezLook/TabContentPaneRight' (000001B35CA809F0) of type: BasicImage
05/11/2021 20:13:21 (Std) 	[ImageManager] Created image: 'TaharezLook/TabContentPaneLower' (000001B35CA808A0) of type: BasicImage
05/11/2021 20:13:21 (Std) 	[ImageManager] Created image: 'TaharezLook/TabContentPaneLowerLeft' (000001B35CA80DE0) of type: BasicImage
05/11/2021 20:13:21 (Std) 	[ImageManager] Created image: 'TaharezLook/TabContentPaneLowerRight' (000001B35CA80210) of type: BasicImage
05/11/2021 20:13:21 (Std) 	[ImageManager] Created image: 'TaharezLook/TabContentPaneMiddle' (000001B35CA80F30) of type: BasicImage
05/11/2021 20:13:21 (Std) 	[ImageManager] Created image: 'TaharezLook/TabButtonScrollLeftNormal' (000001B35CA7FE20) of type: BasicImage
05/11/2021 20:13:21 (Std) 	[ImageManager] Created image: 'TaharezLook/TabButtonScrollRightNormal' (000001B35CA81320) of type: BasicImage
05/11/2021 20:13:21 (Std) 	[ImageManager] Created image: 'TaharezLook/TabButtonScrollLeftHover' (000001B35CA804B0) of type: BasicImage
05/11/2021 20:13:21 (Std) 	[ImageManager] Created image: 'TaharezLook/TabButtonScrollRightHover' (000001B35CA815C0) of type: BasicImage
05/11/2021 20:13:21 (Std) 	[ImageManager] Created image: 'TaharezLook/TabButtonLeftNormal' (000001B35CA7FF70) of type: BasicImage
05/11/2021 20:13:21 (Std) 	[ImageManager] Created image: 'TaharezLook/TabButtonRightNormal' (000001B35CA80360) of type: BasicImage
05/11/2021 20:13:21 (Std) 	[ImageManager] Created image: 'TaharezLook/TabButtonUpperNormal' (000001B35CA81710) of type: BasicImage
05/11/2021 20:13:21 (Std) 	[ImageManager] Created image: 'TaharezLook/TabButtonLowerNormal' (000001B35CA81B00) of type: BasicImage
05/11/2021 20:13:21 (Std) 	[ImageManager] Created image: 'TaharezLook/TabButtonUpperLeftNormal' (000001B35CA80600) of type: BasicImage
05/11/2021 20:13:21 (Std) 	[ImageManager] Created image: 'TaharezLook/TabButtonUpperLeft2Normal' (000001B35CA80750) of type: BasicImage
05/11/2021 20:13:21 (Std) 	[ImageManager] Created image: 'TaharezLook/TabButtonUpperRightNormal' (000001B35CA88460) of type: BasicImage
05/11/2021 20:13:21 (Std) 	[ImageManager] Created image: 'TaharezLook/TabButtonLowerLeftNormal' (000001B35CA874A0) of type: BasicImage
05/11/2021 20:13:21 (Std) 	[ImageManager] Created image: 'TaharezLook/TabButtonLowerRightNormal' (000001B35CA88310) of type: BasicImage
05/11/2021 20:13:21 (Std) 	[ImageManager] Created image: 'TaharezLook/TabButtonLowerRight2Normal' (000001B35CA89180) of type: BasicImage
05/11/2021 20:13:21 (Std) 	[ImageManager] Created image: 'TaharezLook/TabButtonMiddleNormal' (000001B35CA86780) of type: BasicImage
05/11/2021 20:13:21 (Std) 	[ImageManager] Created image: 'TaharezLook/TabButtonLeftSelected' (000001B35CA87F20) of type: BasicImage
05/11/2021 20:13:21 (Std) 	[ImageManager] Created image: 'TaharezLook/TabButtonRightSelected' (000001B35CA88700) of type: BasicImage
05/11/2021 20:13:21 (Std) 	[ImageManager] Created image: 'TaharezLook/TabButtonUpperSelected' (000001B35CA885B0) of type: BasicImage
05/11/2021 20:13:21 (Std) 	[ImageManager] Created image: 'TaharezLook/TabButtonLowerSelected' (000001B35CA89C00) of type: BasicImage
05/11/2021 20:13:21 (Std) 	[ImageManager] Created image: 'TaharezLook/TabButtonUpperLeftSelected' (000001B35CA879E0) of type: BasicImage
05/11/2021 20:13:21 (Std) 	[ImageManager] Created image: 'TaharezLook/TabButtonUpperRightSelected' (000001B35CA896C0) of type: BasicImage
05/11/2021 20:13:21 (Std) 	[ImageManager] Created image: 'TaharezLook/TabButtonLowerLeftSelected' (000001B35CA87350) of type: BasicImage
05/11/2021 20:13:21 (Std) 	[ImageManager] Created image: 'TaharezLook/TabButtonLowerRightSelected' (000001B35CA892D0) of type: BasicImage
05/11/2021 20:13:21 (Std) 	[ImageManager] Created image: 'TaharezLook/TabButtonMiddleSelected' (000001B35CA88D90) of type: BasicImage
05/11/2021 20:13:21 (Std) 	[ImageManager] Created image: 'TaharezLook/TooltipTopLeft' (000001B35CA88C40) of type: BasicImage
05/11/2021 20:13:21 (Std) 	[ImageManager] Created image: 'TaharezLook/TooltipTopRight' (000001B35CA88070) of type: BasicImage
05/11/2021 20:13:21 (Std) 	[ImageManager] Created image: 'TaharezLook/TooltipBottomLeft' (000001B35CA875F0) of type: BasicImage
05/11/2021 20:13:21 (Std) 	[ImageManager] Created image: 'TaharezLook/TooltipBottomRight' (000001B35CA87740) of type: BasicImage
05/11/2021 20:13:21 (Std) 	[ImageManager] Created image: 'TaharezLook/TooltipLeftEdge' (000001B35CA868D0) of type: BasicImage
05/11/2021 20:13:21 (Std) 	[ImageManager] Created image: 'TaharezLook/TooltipRightEdge' (000001B35CA87890) of type: BasicImage
05/11/2021 20:13:21 (Std) 	[ImageManager] Created image: 'TaharezLook/TooltipTopEdge' (000001B35CA864E0) of type: BasicImage
05/11/2021 20:13:21 (Std) 	[ImageManager] Created image: 'TaharezLook/TooltipBottomEdge' (000001B35CA87B30) of type: BasicImage
05/11/2021 20:13:21 (Std) 	[ImageManager] Created image: 'TaharezLook/TooltipMiddle' (000001B35CA86630) of type: BasicImage
05/11/2021 20:13:21 (Std) 	[ImageManager] Created image: 'TaharezLook/MenuTopLeft' (000001B35CA88850) of type: BasicImage
05/11/2021 20:13:21 (Std) 	[ImageManager] Created image: 'TaharezLook/MenuTopRight' (000001B35CA85E50) of type: BasicImage
05/11/2021 20:13:21 (Std) 	[ImageManager] Created image: 'TaharezLook/MenuBottomLeft' (000001B35CA88EE0) of type: BasicImage
05/11/2021 20:13:21 (Std) 	[ImageManager] Created image: 'TaharezLook/MenuBottomRight' (000001B35CA889A0) of type: BasicImage
05/11/2021 20:13:21 (Std) 	[ImageManager] Created image: 'TaharezLook/MenuLeft' (000001B35CA87C80) of type: BasicImage
05/11/2021 20:13:21 (Std) 	[ImageManager] Created image: 'TaharezLook/MenuRight' (000001B35CA881C0) of type: BasicImage
05/11/2021 20:13:21 (Std) 	[ImageManager] Created image: 'TaharezLook/MenuTop' (000001B35CA86E10) of type: BasicImage
05/11/2021 20:13:21 (Std) 	[ImageManager] Created image: 'TaharezLook/MenuBottom' (000001B35CA870B0) of type: BasicImage
05/11/2021 20:13:21 (Std) 	[ImageManager] Created image: 'TaharezLook/MenuMiddle' (000001B35CA88AF0) of type: BasicImage
05/11/2021 20:13:21 (Std) 	[ImageManager] Created image: 'TaharezLook/PopupMenuFrameTopLeft' (000001B35CA85FA0) of type: BasicImage
05/11/2021 20:13:21 (Std) 	[ImageManager] Created image: 'TaharezLook/PopupMenuFrameTopRight' (000001B35CA89030) of type: BasicImage
05/11/2021 20:13:21 (Std) 	[ImageManager] Created image: 'TaharezLook/PopupMenuFrameBottomLeft' (000001B35CA89420) of type: BasicImage
05/11/2021 20:13:21 (Std) 	[ImageManager] Created image: 'TaharezLook/PopupMenuFrameBottomRight' (000001B35CA89570) of type: BasicImage
05/11/2021 20:13:21 (Std) 	[ImageManager] Created image: 'TaharezLook/PopupMenuFrameLeft' (000001B35CA87DD0) of type: BasicImage
05/11/2021 20:13:21 (Std) 	[ImageManager] Created image: 'TaharezLook/PopupMenuFrameRight' (000001B35CA89810) of type: BasicImage
05/11/2021 20:13:21 (Std) 	[ImageManager] Created image: 'TaharezLook/PopupMenuFrameTop' (000001B35CA89960) of type: BasicImage
05/11/2021 20:13:21 (Std) 	[ImageManager] Created image: 'TaharezLook/PopupMenuFrameBottom' (000001B35CA86B70) of type: BasicImage
05/11/2021 20:13:21 (Std) 	[ImageManager] Created image: 'TaharezLook/PopupMenuMiddle' (000001B35CA89AB0) of type: BasicImage
05/11/2021 20:13:21 (Std) 	[ImageManager] Created image: 'TaharezLook/PopupMenuArrowRight' (000001B35CA860F0) of type: BasicImage
05/11/2021 20:13:21 (Std) 	[ImageManager] Created image: 'TaharezLook/PopupMenuArrowLeft' (000001B35CA86240) of type: BasicImage
05/11/2021 20:13:21 (Std) 	[ImageManager] Created image: 'TaharezLook/TreeListClosed' (000001B35CA86390) of type: BasicImage
05/11/2021 20:13:21 (Std) 	[ImageManager] Created image: 'TaharezLook/TreeListOpened' (000001B35CA86A20) of type: BasicImage
05/11/2021 20:13:21 (Std) 	[ImageManager] Created image: 'TaharezLook/UpArrow' (000001B35CA86CC0) of type: BasicImage
05/11/2021 20:13:21 (Std) 	===== Falagard 'root' element: look and feel parsing begins =====
05/11/2021 20:13:21 (Std) 	===== Look and feel parsing completed =====
05/11/2021 20:13:21 (Std) 	No window renderer factories specified for module 'CEGUICoreWindowRendererSet' - adding all available factories...
05/11/2021 20:13:21 (Std) 	Created WindowRendererFactory for 'Core/Button' WindowRenderers.
05/11/2021 20:13:21 (Std) 	WindowRendererFactory 'Core/Button' added. (000001B35CC4CF80)
05/11/2021 20:13:21 (Std) 	Created WindowRendererFactory for 'Core/Default' WindowRenderers.
05/11/2021 20:13:21 (Std) 	WindowRendererFactory 'Core/Default' added. (000001B35CC4D580)
05/11/2021 20:13:21 (Std) 	Created WindowRendererFactory for 'Core/Editbox' WindowRenderers.
05/11/2021 20:13:21 (Std) 	WindowRendererFactory 'Core/Editbox' added. (000001B35BA72430)
05/11/2021 20:13:21 (Std) 	Created WindowRendererFactory for 'Core/FrameWindow' WindowRenderers.
05/11/2021 20:13:21 (Std) 	WindowRendererFactory 'Core/FrameWindow' added. (000001B35BA72030)
05/11/2021 20:13:21 (Std) 	Created WindowRendererFactory for 'Core/ItemEntry' WindowRenderers.
05/11/2021 20:13:21 (Std) 	WindowRendererFactory 'Core/ItemEntry' added. (000001B35BA71230)
05/11/2021 20:13:21 (Std) 	Created WindowRendererFactory for 'Core/ListHeader' WindowRenderers.
05/11/2021 20:13:21 (Std) 	WindowRendererFactory 'Core/ListHeader' added. (000001B35BA71830)
05/11/2021 20:13:21 (Std) 	Created WindowRendererFactory for 'Core/ListHeaderSegment' WindowRenderers.
05/11/2021 20:13:21 (Std) 	WindowRendererFactory 'Core/ListHeaderSegment' added. (000001B35BA71530)
05/11/2021 20:13:21 (Std) 	Created WindowRendererFactory for 'Core/Listbox' WindowRenderers.
05/11/2021 20:13:21 (Std) 	WindowRendererFactory 'Core/Listbox' added. (000001B35BA72730)
05/11/2021 20:13:21 (Std) 	Created WindowRendererFactory for 'Core/Menubar' WindowRenderers.
05/11/2021 20:13:21 (Std) 	WindowRendererFactory 'Core/Menubar' added. (000001B35BA73E30)
05/11/2021 20:13:21 (Std) 	Created WindowRendererFactory for 'Core/MenuItem' WindowRenderers.
05/11/2021 20:13:21 (Std) 	WindowRendererFactory 'Core/MenuItem' added. (000001B35BA72C30)
05/11/2021 20:13:21 (Std) 	Created WindowRendererFactory for 'Core/MultiColumnList' WindowRenderers.
05/11/2021 20:13:21 (Std) 	WindowRendererFactory 'Core/MultiColumnList' added. (000001B35BA72A30)
05/11/2021 20:13:21 (Std) 	Created WindowRendererFactory for 'Core/MultiLineEditbox' WindowRenderers.
05/11/2021 20:13:21 (Std) 	WindowRendererFactory 'Core/MultiLineEditbox' added. (000001B35BA70330)
05/11/2021 20:13:21 (Std) 	Created WindowRendererFactory for 'Core/PopupMenu' WindowRenderers.
05/11/2021 20:13:21 (Std) 	WindowRendererFactory 'Core/PopupMenu' added. (000001B35BA71730)
05/11/2021 20:13:21 (Std) 	Created WindowRendererFactory for 'Core/ProgressBar' WindowRenderers.
05/11/2021 20:13:21 (Std) 	WindowRendererFactory 'Core/ProgressBar' added. (000001B35BA73C30)
05/11/2021 20:13:21 (Std) 	Created WindowRendererFactory for 'Core/ScrollablePane' WindowRenderers.
05/11/2021 20:13:21 (Std) 	WindowRendererFactory 'Core/ScrollablePane' added. (000001B35BA70F30)
05/11/2021 20:13:21 (Std) 	Created WindowRendererFactory for 'Core/Scrollbar' WindowRenderers.
05/11/2021 20:13:21 (Std) 	WindowRendererFactory 'Core/Scrollbar' added. (000001B35BA72630)
05/11/2021 20:13:21 (Std) 	Created WindowRendererFactory for 'Core/Slider' WindowRenderers.
05/11/2021 20:13:21 (Std) 	WindowRendererFactory 'Core/Slider' added. (000001B35BA71930)
05/11/2021 20:13:21 (Std) 	Created WindowRendererFactory for 'Core/Static' WindowRenderers.
05/11/2021 20:13:21 (Std) 	WindowRendererFactory 'Core/Static' added. (000001B35BA71A30)
05/11/2021 20:13:21 (Std) 	Created WindowRendererFactory for 'Core/StaticImage' WindowRenderers.
05/11/2021 20:13:21 (Std) 	WindowRendererFactory 'Core/StaticImage' added. (000001B35BA71C30)
05/11/2021 20:13:21 (Std) 	Created WindowRendererFactory for 'Core/StaticText' WindowRenderers.
05/11/2021 20:13:21 (Std) 	WindowRendererFactory 'Core/StaticText' added. (000001B35BA73A30)
05/11/2021 20:13:21 (Std) 	Created WindowRendererFactory for 'Core/TabButton' WindowRenderers.
05/11/2021 20:13:21 (Std) 	WindowRendererFactory 'Core/TabButton' added. (000001B35BA70430)
05/11/2021 20:13:21 (Std) 	Created WindowRendererFactory for 'Core/TabControl' WindowRenderers.
05/11/2021 20:13:21 (Std) 	WindowRendererFactory 'Core/TabControl' added. (000001B35BA70E30)
05/11/2021 20:13:21 (Std) 	Created WindowRendererFactory for 'Core/Titlebar' WindowRenderers.
05/11/2021 20:13:21 (Std) 	WindowRendererFactory 'Core/Titlebar' added. (000001B35BA71330)
05/11/2021 20:13:21 (Std) 	Created WindowRendererFactory for 'Core/ToggleButton' WindowRenderers.
05/11/2021 20:13:21 (Std) 	WindowRendererFactory 'Core/ToggleButton' added. (000001B35BA72530)
05/11/2021 20:13:21 (Std) 	Created WindowRendererFactory for 'Core/Tooltip' WindowRenderers.
05/11/2021 20:13:21 (Std) 	WindowRendererFactory 'Core/Tooltip' added. (000001B35BA70130)
05/11/2021 20:13:21 (Std) 	Created WindowRendererFactory for 'Core/ItemListbox' WindowRenderers.
05/11/2021 20:13:21 (Std) 	WindowRendererFactory 'Core/ItemListbox' added. (000001B35BA72130)
05/11/2021 20:13:21 (Std) 	Created WindowRendererFactory for 'Core/Tree' WindowRenderers.
05/11/2021 20:13:21 (Std) 	WindowRendererFactory 'Core/Tree' added. (000001B35BA73930)
05/11/2021 20:13:21 (Std) 	Creating falagard mapping for type 'TaharezLook/Label' using base type 'DefaultWindow', window renderer 'Core/Default' Look'N'Feel 'TaharezLook/Label' and RenderEffect ''. (000000160C38ABD0)
05/11/2021 20:13:21 (Std) 	Creating falagard mapping for type 'TaharezLook/Button' using base type 'CEGUI/PushButton', window renderer 'Core/Button' Look'N'Feel 'TaharezLook/Button' and RenderEffect ''. (000000160C38ABD0)
05/11/2021 20:13:21 (Std) 	Creating falagard mapping for type 'TaharezLook/Checkbox' using base type 'CEGUI/ToggleButton', window renderer 'Core/ToggleButton' Look'N'Feel 'TaharezLook/Checkbox' and RenderEffect ''. (000000160C38ABD0)
05/11/2021 20:13:21 (Std) 	Creating falagard mapping for type 'TaharezLook/ImageButton' using base type 'CEGUI/PushButton', window renderer 'Core/Button' Look'N'Feel 'TaharezLook/ImageButton' and RenderEffect ''. (000000160C38ABD0)
05/11/2021 20:13:21 (Std) 	Creating falagard mapping for type 'TaharezLook/RadioButton' using base type 'CEGUI/RadioButton', window renderer 'Core/ToggleButton' Look'N'Feel 'TaharezLook/RadioButton' and RenderEffect ''. (000000160C38ABD0)
05/11/2021 20:13:21 (Std) 	Creating falagard mapping for type 'TaharezLook/FrameWindow' using base type 'CEGUI/FrameWindow', window renderer 'Core/FrameWindow' Look'N'Feel 'TaharezLook/FrameWindow' and RenderEffect ''. (000000160C38ABD0)
05/11/2021 20:13:21 (Std) 	Creating falagard mapping for type 'TaharezLook/Titlebar' using base type 'CEGUI/Titlebar', window renderer 'Core/Titlebar' Look'N'Feel 'TaharezLook/Titlebar' and RenderEffect ''. (000000160C38ABD0)
05/11/2021 20:13:21 (Std) 	Creating falagard mapping for type 'TaharezLook/Editbox' using base type 'CEGUI/Editbox', window renderer 'Core/Editbox' Look'N'Feel 'TaharezLook/Editbox' and RenderEffect ''. (000000160C38ABD0)
05/11/2021 20:13:21 (Std) 	Creating falagard mapping for type 'TaharezLook/MultiLineEditbox' using base type 'CEGUI/MultiLineEditbox', window renderer 'Core/MultiLineEditbox' Look'N'Feel 'TaharezLook/MultiLineEditbox' and RenderEffect ''. (000000160C38ABD0)
05/11/2021 20:13:21 (Std) 	Creating falagard mapping for type 'TaharezLook/Menubar' using base type 'CEGUI/Menubar', window renderer 'Core/Menubar' Look'N'Feel 'TaharezLook/Menubar' and RenderEffect ''. (000000160C38ABD0)
05/11/2021 20:13:21 (Std) 	Creating falagard mapping for type 'TaharezLook/PopupMenu' using base type 'CEGUI/PopupMenu', window renderer 'Core/PopupMenu' Look'N'Feel 'TaharezLook/PopupMenu' and RenderEffect ''. (000000160C38ABD0)
05/11/2021 20:13:21 (Std) 	Creating falagard mapping for type 'TaharezLook/MenuItem' using base type 'CEGUI/MenuItem', window renderer 'Core/MenuItem' Look'N'Feel 'TaharezLook/MenuItem' and RenderEffect ''. (000000160C38ABD0)
05/11/2021 20:13:21 (Std) 	Creating falagard mapping for type 'TaharezLook/AlternateProgressBar' using base type 'CEGUI/ProgressBar', window renderer 'Core/ProgressBar' Look'N'Feel 'TaharezLook/AltProgressBar' and RenderEffect ''. (000000160C38ABD0)
05/11/2021 20:13:21 (Std) 	Creating falagard mapping for type 'TaharezLook/ProgressBar' using base type 'CEGUI/ProgressBar', window renderer 'Core/ProgressBar' Look'N'Feel 'TaharezLook/ProgressBar' and RenderEffect ''. (000000160C38ABD0)
05/11/2021 20:13:21 (Std) 	Creating falagard mapping for type 'TaharezLook/VUMeter' using base type 'CEGUI/ProgressBar', window renderer 'Core/ProgressBar' Look'N'Feel 'TaharezLook/VUMeter' and RenderEffect ''. (000000160C38ABD0)
05/11/2021 20:13:21 (Std) 	Creating falagard mapping for type 'TaharezLook/VerticalScrollbar' using base type 'CEGUI/Scrollbar', window renderer 'Core/Scrollbar' Look'N'Feel 'TaharezLook/VerticalScrollbar' and RenderEffect ''. (000000160C38ABD0)
05/11/2021 20:13:21 (Std) 	Creating falagard mapping for type 'TaharezLook/HorizontalScrollbar' using base type 'CEGUI/Scrollbar', window renderer 'Core/Scrollbar' Look'N'Feel 'TaharezLook/HorizontalScrollbar' and RenderEffect ''. (000000160C38ABD0)
05/11/2021 20:13:21 (Std) 	Creating falagard mapping for type 'TaharezLook/VerticalScrollbarThumb' using base type 'CEGUI/Thumb', window renderer 'Core/Button' Look'N'Feel 'TaharezLook/VerticalScrollbarThumb' and RenderEffect ''. (000000160C38ABD0)
05/11/2021 20:13:21 (Std) 	Creating falagard mapping for type 'TaharezLook/HorizontalScrollbarThumb' using base type 'CEGUI/Thumb', window renderer 'Core/Button' Look'N'Feel 'TaharezLook/HorizontalScrollbarThumb' and RenderEffect ''. (000000160C38ABD0)
05/11/2021 20:13:21 (Std) 	Creating falagard mapping for type 'TaharezLook/LargeVerticalScrollbar' using base type 'CEGUI/Scrollbar', window renderer 'Core/Scrollbar' Look'N'Feel 'TaharezLook/LargeVerticalScrollbar' and RenderEffect ''. (000000160C38ABD0)
05/11/2021 20:13:21 (Std) 	Creating falagard mapping for type 'TaharezLook/LargeVerticalScrollbarThumb' using base type 'CEGUI/Thumb', window renderer 'Core/Button' Look'N'Feel 'TaharezLook/LargeVerticalScrollbarThumb' and RenderEffect ''. (000000160C38ABD0)
05/11/2021 20:13:21 (Std) 	Creating falagard mapping for type 'TaharezLook/TabButton' using base type 'CEGUI/TabButton', window renderer 'Core/TabButton' Look'N'Feel 'TaharezLook/TabButton' and RenderEffect ''. (000000160C38ABD0)
05/11/2021 20:13:21 (Std) 	Creating falagard mapping for type 'TaharezLook/TabControl' using base type 'CEGUI/TabControl', window renderer 'Core/TabControl' Look'N'Feel 'TaharezLook/TabControl' and RenderEffect ''. (000000160C38ABD0)
05/11/2021 20:13:21 (Std) 	Creating falagard mapping for type 'TaharezLook/TabContentPane' using base type 'DefaultWindow', window renderer 'Core/Default' Look'N'Feel 'TaharezLook/TabContentPane' and RenderEffect ''. (000000160C38ABD0)
05/11/2021 20:13:21 (Std) 	Creating falagard mapping for type 'TaharezLook/TabButtonPane' using base type 'DefaultWindow', window renderer 'Core/Default' Look'N'Feel 'TaharezLook/TabButtonPane' and RenderEffect ''. (000000160C38ABD0)
05/11/2021 20:13:21 (Std) 	Creating falagard mapping for type 'TaharezLook/ComboDropList' using base type 'CEGUI/ComboDropList', window renderer 'Core/Listbox' Look'N'Feel 'TaharezLook/ComboDropList' and RenderEffect ''. (000000160C38ABD0)
05/11/2021 20:13:21 (Std) 	Creating falagard mapping for type 'TaharezLook/ComboEditbox' using base type 'CEGUI/Editbox', window renderer 'Core/Editbox' Look'N'Feel 'TaharezLook/ComboEditbox' and RenderEffect ''. (000000160C38ABD0)
05/11/2021 20:13:21 (Std) 	Creating falagard mapping for type 'TaharezLook/Combobox' using base type 'CEGUI/Combobox', window renderer 'Core/Default' Look'N'Feel 'TaharezLook/Combobox' and RenderEffect ''. (000000160C38ABD0)
05/11/2021 20:13:21 (Std) 	Creating falagard mapping for type 'TaharezLook/Listbox' using base type 'CEGUI/Listbox', window renderer 'Core/Listbox' Look'N'Feel 'TaharezLook/Listbox' and RenderEffect ''. (000000160C38ABD0)
05/11/2021 20:13:21 (Std) 	Creating falagard mapping for type 'TaharezLook/ListHeader' using base type 'CEGUI/ListHeader', window renderer 'Core/ListHeader' Look'N'Feel 'TaharezLook/ListHeader' and RenderEffect ''. (000000160C38ABD0)
05/11/2021 20:13:21 (Std) 	Creating falagard mapping for type 'TaharezLook/ListHeaderSegment' using base type 'CEGUI/ListHeaderSegment', window renderer 'Core/ListHeaderSegment' Look'N'Feel 'TaharezLook/ListHeaderSegment' and RenderEffect ''. (000000160C38ABD0)
05/11/2021 20:13:21 (Std) 	Creating falagard mapping for type 'TaharezLook/MultiColumnList' using base type 'CEGUI/MultiColumnList', window renderer 'Core/MultiColumnList' Look'N'Feel 'TaharezLook/MultiColumnList' and RenderEffect ''. (000000160C38ABD0)
05/11/2021 20:13:21 (Std) 	Creating falagard mapping for type 'TaharezLook/Slider' using base type 'CEGUI/Slider', window renderer 'Core/Slider' Look'N'Feel 'TaharezLook/Slider' and RenderEffect ''. (000000160C38ABD0)
05/11/2021 20:13:21 (Std) 	Creating falagard mapping for type 'TaharezLook/SliderThumb' using base type 'CEGUI/Thumb', window renderer 'Core/Button' Look'N'Feel 'TaharezLook/SliderThumb' and RenderEffect ''. (000000160C38ABD0)
05/11/2021 20:13:21 (Std) 	Creating falagard mapping for type 'TaharezLook/ScrollablePane' using base type 'CEGUI/ScrollablePane', window renderer 'Core/ScrollablePane' Look'N'Feel 'TaharezLook/ScrollablePane' and RenderEffect ''. (000000160C38ABD0)
05/11/2021 20:13:21 (Std) 	Creating falagard mapping for type 'TaharezLook/Spinner' using base type 'CEGUI/Spinner', window renderer 'Core/Default' Look'N'Feel 'TaharezLook/Spinner' and RenderEffect ''. (000000160C38ABD0)
05/11/2021 20:13:21 (Std) 	Creating falagard mapping for type 'TaharezLook/Tooltip' using base type 'CEGUI/Tooltip', window renderer 'Core/Tooltip' Look'N'Feel 'TaharezLook/Tooltip' and RenderEffect ''. (000000160C38ABD0)
05/11/2021 20:13:21 (Std) 	Creating falagard mapping for type 'TaharezLook/StaticImage' using base type 'DefaultWindow', window renderer 'Core/StaticImage' Look'N'Feel 'TaharezLook/StaticImage' and RenderEffect ''. (000000160C38ABD0)
05/11/2021 20:13:21 (Std) 	Creating falagard mapping for type 'TaharezLook/StaticText' using base type 'DefaultWindow', window renderer 'Core/StaticText' Look'N'Feel 'TaharezLook/StaticText' and RenderEffect ''. (000000160C38ABD0)
05/11/2021 20:13:21 (Std) 	Creating falagard mapping for type 'TaharezLook/ItemListbox' using base type 'CEGUI/ItemListbox', window renderer 'Core/ItemListbox' Look'N'Feel 'TaharezLook/ItemListbox' and RenderEffect ''. (000000160C38ABD0)
05/11/2021 20:13:21 (Std) 	Creating falagard mapping for type 'TaharezLook/ListboxItem' using base type 'CEGUI/ItemEntry', window renderer 'Core/ItemEntry' Look'N'Feel 'TaharezLook/ListboxItem' and RenderEffect ''. (000000160C38ABD0)
05/11/2021 20:13:21 (Std) 	Creating falagard mapping for type 'TaharezLook/GroupBox' using base type 'DefaultWindow', window renderer 'Core/Default' Look'N'Feel 'TaharezLook/GroupBox' and RenderEffect ''. (000000160C38ABD0)
05/11/2021 20:13:21 (Std) 	Creating falagard mapping for type 'TaharezLook/Tree' using base type 'CEGUI/Tree', window renderer 'Core/Tree' Look'N'Feel 'TaharezLook/Tree' and RenderEffect ''. (000000160C38ABD0)
05/11/2021 20:13:21 (Std) 	Started creation of Scheme from XML specification:
05/11/2021 20:13:21 (Std) 	---- CEGUI GUIScheme name: AlfiskoSkin
05/11/2021 20:13:21 (Std) 	[ImageManager] Started creation of Imageset from XML specification:
05/11/2021 20:13:21 (Std) 	[ImageManager] ---- CEGUI Imageset name: AlfiskoSkin
05/11/2021 20:13:21 (Std) 	[ImageManager] ---- Source texture file: AlfiskoSkin.png
05/11/2021 20:13:21 (Std) 	[ImageManager] ---- Source texture resource group: (Default)
05/11/2021 20:13:21 (Std) 	[OpenGLRenderer] Created texture: AlfiskoSkin
05/11/2021 20:13:21 (Std) 	[ImageManager] Created image: 'AlfiskoSkin/WindowB' (000001B35CC19BB0) of type: BasicImage
05/11/2021 20:13:21 (Std) 	[ImageManager] Created image: 'AlfiskoSkin/WindowL' (000001B35CC1A4E0) of type: BasicImage
05/11/2021 20:13:21 (Std) 	[ImageManager] Created image: 'AlfiskoSkin/WindowR' (000001B35CC14120) of type: BasicImage
05/11/2021 20:13:21 (Std) 	[ImageManager] Created image: 'AlfiskoSkin/WindowT' (000001B35CC17450) of type: BasicImage
05/11/2021 20:13:21 (Std) 	[ImageManager] Created image: 'AlfiskoSkin/EditboxB' (000001B35CC15A10) of type: BasicImage
05/11/2021 20:13:21 (Std) 	[ImageManager] Created image: 'AlfiskoSkin/EditboxL' (000001B35CC171B0) of type: BasicImage
05/11/2021 20:13:21 (Std) 	[ImageManager] Created image: 'AlfiskoSkin/EditboxR' (000001B35CC18020) of type: BasicImage
05/11/2021 20:13:21 (Std) 	[ImageManager] Created image: 'AlfiskoSkin/EditboxT' (000001B35CC16340) of type: BasicImage
05/11/2021 20:13:21 (Std) 	[ImageManager] Created image: 'AlfiskoSkin/WindowBL' (000001B35CC14A50) of type: BasicImage
05/11/2021 20:13:21 (Std) 	[ImageManager] Created image: 'AlfiskoSkin/WindowBR' (000001B35CC16880) of type: BasicImage
05/11/2021 20:13:21 (Std) 	[ImageManager] Created image: 'AlfiskoSkin/WindowTL' (000001B35CC169D0) of type: BasicImage
05/11/2021 20:13:21 (Std) 	[ImageManager] Created image: 'AlfiskoSkin/WindowTR' (000001B35CC16C70) of type: BasicImage
05/11/2021 20:13:21 (Std) 	[ImageManager] Created image: 'AlfiskoSkin/EditboxBL' (000001B35CC13BE0) of type: BasicImage
05/11/2021 20:13:21 (Std) 	[ImageManager] Created image: 'AlfiskoSkin/EditboxBR' (000001B35CC175A0) of type: BasicImage
05/11/2021 20:13:21 (Std) 	[ImageManager] Created image: 'AlfiskoSkin/EditboxTL' (000001B35CC17AE0) of type: BasicImage
05/11/2021 20:13:21 (Std) 	[ImageManager] Created image: 'AlfiskoSkin/EditboxTR' (000001B35CC17ED0) of type: BasicImage
05/11/2021 20:13:21 (Std) 	[ImageManager] Created image: 'AlfiskoSkin/MouseMove' (000001B35CC13160) of type: BasicImage
05/11/2021 20:13:21 (Std) 	[ImageManager] Created image: 'AlfiskoSkin/MouseNeSw' (000001B35BCA9400) of type: BasicImage
05/11/2021 20:13:21 (Std) 	[ImageManager] Created image: 'AlfiskoSkin/NewImage1' (000001B35BCA9550) of type: BasicImage
05/11/2021 20:13:21 (Std) 	[ImageManager] Created image: 'AlfiskoSkin/MouseArrow' (000001B35BCAA270) of type: BasicImage
05/11/2021 20:13:21 (Std) 	[ImageManager] Created image: 'AlfiskoSkin/WindowFill' (000001B35BCAA510) of type: BasicImage
05/11/2021 20:13:21 (Std) 	[ImageManager] Created image: 'AlfiskoSkin/EditboxFill' (000001B35BCAA660) of type: BasicImage
05/11/2021 20:13:21 (Std) 	[ImageManager] Created image: 'AlfiskoSkin/WindowClipB' (000001B35BCAA7B0) of type: BasicImage
05/11/2021 20:13:21 (Std) 	[ImageManager] Created image: 'AlfiskoSkin/WindowClipL' (000001B35BCAA900) of type: BasicImage
05/11/2021 20:13:21 (Std) 	[ImageManager] Created image: 'AlfiskoSkin/WindowClipR' (000001B35BCA6CA0) of type: BasicImage
05/11/2021 20:13:21 (Std) 	[ImageManager] Created image: 'AlfiskoSkin/WindowClipT' (000001B35BCA7720) of type: BasicImage
05/11/2021 20:13:21 (Std) 	[ImageManager] Created image: 'AlfiskoSkin/ButtonHoverB' (000001B35BA75F70) of type: BasicImage
05/11/2021 20:13:21 (Std) 	[ImageManager] Created image: 'AlfiskoSkin/ButtonHoverL' (000001B35C6B7920) of type: BasicImage
05/11/2021 20:13:21 (Std) 	[ImageManager] Created image: 'AlfiskoSkin/ButtonHoverR' (000001B35C6B7BC0) of type: BasicImage
05/11/2021 20:13:21 (Std) 	[ImageManager] Created image: 'AlfiskoSkin/ButtonHoverT' (000001B35C6B6810) of type: BasicImage
05/11/2021 20:13:21 (Std) 	[ImageManager] Created image: 'AlfiskoSkin/GenericBrush' (000001B35C6B4740) of type: BasicImage
05/11/2021 20:13:21 (Std) 	[ImageManager] Created image: 'AlfiskoSkin/MouseTextBar' (000001B35C6B40B0) of type: BasicImage
05/11/2021 20:13:21 (Std) 	[ImageManager] Created image: 'AlfiskoSkin/ButtonHoverBL' (000001B35C6B4DD0) of type: BasicImage
05/11/2021 20:13:21 (Std) 	[ImageManager] Created image: 'AlfiskoSkin/ButtonHoverBR' (000001B35C6B3CC0) of type: BasicImage
05/11/2021 20:13:21 (Std) 	[ImageManager] Created image: 'AlfiskoSkin/ButtonHoverTL' (000001B35C6B7290) of type: BasicImage
05/11/2021 20:13:21 (Std) 	[ImageManager] Created image: 'AlfiskoSkin/ButtonHoverTR' (000001B35C6B83A0) of type: BasicImage
05/11/2021 20:13:21 (Std) 	[ImageManager] Created image: 'AlfiskoSkin/ButtonNormalB' (000001B35C6B5700) of type: BasicImage
05/11/2021 20:13:21 (Std) 	[ImageManager] Created image: 'AlfiskoSkin/ButtonNormalL' (000001B35C6B4890) of type: BasicImage
05/11/2021 20:13:21 (Std) 	[ImageManager] Created image: 'AlfiskoSkin/ButtonNormalR' (000001B35C6B49E0) of type: BasicImage
05/11/2021 20:13:21 (Std) 	[ImageManager] Created image: 'AlfiskoSkin/ButtonNormalT' (000001B35C6B44A0) of type: BasicImage
05/11/2021 20:13:21 (Std) 	[ImageManager] Created image: 'AlfiskoSkin/ButtonPushedB' (000001B35C6B5AF0) of type: BasicImage
05/11/2021 20:13:21 (Std) 	[ImageManager] Created image: 'AlfiskoSkin/ButtonPushedL' (000001B35C6B5C40) of type: BasicImage
05/11/2021 20:13:21 (Std) 	[ImageManager] Created image: 'AlfiskoSkin/ButtonPushedR' (000001B35C6B66C0) of type: BasicImage
05/11/2021 20:13:21 (Std) 	[ImageManager] Created image: 'AlfiskoSkin/ButtonPushedT' (000001B35C6B45F0) of type: BasicImage
05/11/2021 20:13:21 (Std) 	[ImageManager] Created image: 'AlfiskoSkin/CheckboxHover' (000001B35C6B6570) of type: BasicImage
05/11/2021 20:13:21 (Std) 	[ImageManager] Created image: 'AlfiskoSkin/ProgressFullB' (000001B35C6B77D0) of type: BasicImage
05/11/2021 20:13:21 (Std) 	[ImageManager] Created image: 'AlfiskoSkin/ProgressFullL' (000001B35C6B59A0) of type: BasicImage
05/11/2021 20:13:21 (Std) 	[ImageManager] Created image: 'AlfiskoSkin/ProgressFullR' (000001B35C6B4F20) of type: BasicImage
05/11/2021 20:13:21 (Std) 	[ImageManager] Created image: 'AlfiskoSkin/ProgressFullT' (000001B35C6B84F0) of type: BasicImage
05/11/2021 20:13:21 (Std) 	[ImageManager] Created image: 'AlfiskoSkin/ScrollUpHover' (000001B35C6B5460) of type: BasicImage
05/11/2021 20:13:21 (Std) 	[ImageManager] Created image: 'AlfiskoSkin/ButtonNormalBL' (000001B35C6B5310) of type: BasicImage
05/11/2021 20:13:21 (Std) 	[ImageManager] Created image: 'AlfiskoSkin/ButtonNormalBR' (000001B35C6B5070) of type: BasicImage
05/11/2021 20:13:21 (Std) 	[ImageManager] Created image: 'AlfiskoSkin/ButtonNormalTL' (000001B35C6B6D50) of type: BasicImage
05/11/2021 20:13:21 (Std) 	[ImageManager] Created image: 'AlfiskoSkin/ButtonNormalTR' (000001B35C6B6EA0) of type: BasicImage
05/11/2021 20:13:21 (Std) 	[ImageManager] Created image: 'AlfiskoSkin/ButtonPushedBL' (000001B35C6B8640) of type: BasicImage
05/11/2021 20:13:21 (Std) 	[ImageManager] Created image: 'AlfiskoSkin/ButtonPushedBR' (000001B35C6B5850) of type: BasicImage
05/11/2021 20:13:21 (Std) 	[ImageManager] Created image: 'AlfiskoSkin/ButtonPushedTL' (000001B35C6B6FF0) of type: BasicImage
05/11/2021 20:13:21 (Std) 	[ImageManager] Created image: 'AlfiskoSkin/ButtonPushedTR' (000001B35C6B3780) of type: BasicImage
05/11/2021 20:13:21 (Std) 	[ImageManager] Created image: 'AlfiskoSkin/CheckboxNormal' (000001B35C6B55B0) of type: BasicImage
05/11/2021 20:13:21 (Std) 	[ImageManager] Created image: 'AlfiskoSkin/HorzScrollbarB' (000001B35C6B5D90) of type: BasicImage
05/11/2021 20:13:21 (Std) 	[ImageManager] Created image: 'AlfiskoSkin/HorzScrollbarT' (000001B35C6B3B70) of type: BasicImage
05/11/2021 20:13:21 (Std) 	[ImageManager] Created image: 'AlfiskoSkin/ProgressEmptyB' (000001B35C6B3E10) of type: BasicImage
05/11/2021 20:13:21 (Std) 	[ImageManager] Created image: 'AlfiskoSkin/ProgressEmptyL' (000001B35C6B6960) of type: BasicImage
05/11/2021 20:13:21 (Std) 	[ImageManager] Created image: 'AlfiskoSkin/ProgressEmptyR' (000001B35C6B3F60) of type: BasicImage
05/11/2021 20:13:21 (Std) 	[ImageManager] Created image: 'AlfiskoSkin/ProgressEmptyT' (000001B35C6B5EE0) of type: BasicImage
05/11/2021 20:13:21 (Std) 	[ImageManager] Created image: 'AlfiskoSkin/ProgressFullBL' (000001B35C6B6AB0) of type: BasicImage
05/11/2021 20:13:21 (Std) 	[ImageManager] Created image: 'AlfiskoSkin/ProgressFullBR' (000001B35C6B8790) of type: BasicImage
05/11/2021 20:13:21 (Std) 	[ImageManager] Created image: 'AlfiskoSkin/ProgressFullTL' (000001B35C6B7140) of type: BasicImage
05/11/2021 20:13:21 (Std) 	[ImageManager] Created image: 'AlfiskoSkin/ProgressFullTR' (000001B35C6B8A30) of type: BasicImage
05/11/2021 20:13:21 (Std) 	[ImageManager] Created image: 'AlfiskoSkin/ProgressShadow' (000001B35C6B6030) of type: BasicImage
05/11/2021 20:13:21 (Std) 	[ImageManager] Created image: 'AlfiskoSkin/ScrollUpNormal' (000001B35C6B6180) of type: BasicImage
05/11/2021 20:13:21 (Std) 	[ImageManager] Created image: 'AlfiskoSkin/ScrollUpPushed' (000001B35C6B6420) of type: BasicImage
05/11/2021 20:13:21 (Std) 	[ImageManager] Created image: 'AlfiskoSkin/TitlebarDummy1' (000001B35C6B4200) of type: BasicImage
05/11/2021 20:13:21 (Std) 	[ImageManager] Created image: 'AlfiskoSkin/VertScrollbarL' (000001B35C6B4350) of type: BasicImage
05/11/2021 20:13:21 (Std) 	[ImageManager] Created image: 'AlfiskoSkin/VertScrollbarR' (000001B35C6B62D0) of type: BasicImage
05/11/2021 20:13:21 (Std) 	[ImageManager] Created image: 'AlfiskoSkin/CheckboxChecked' (000001B35C6B73E0) of type: BasicImage
05/11/2021 20:13:21 (Std) 	[ImageManager] Created image: 'AlfiskoSkin/HorzThumbHoverB' (000001B35C6B6C00) of type: BasicImage
05/11/2021 20:13:21 (Std) 	[ImageManager] Created image: 'AlfiskoSkin/HorzThumbHoverT' (000001B35C6B8100) of type: BasicImage
05/11/2021 20:13:21 (Std) 	[ImageManager] Created image: 'AlfiskoSkin/ProgressEmptyBL' (000001B35C6B4B30) of type: BasicImage
05/11/2021 20:13:21 (Std) 	[ImageManager] Created image: 'AlfiskoSkin/ProgressEmptyBR' (000001B35C6B51C0) of type: BasicImage
05/11/2021 20:13:21 (Std) 	[ImageManager] Created image: 'AlfiskoSkin/ProgressEmptyTL' (000001B35C6B4C80) of type: BasicImage
05/11/2021 20:13:21 (Std) 	[ImageManager] Created image: 'AlfiskoSkin/ProgressEmptyTR' (000001B35C6B88E0) of type: BasicImage
05/11/2021 20:13:21 (Std) 	[ImageManager] Created image: 'AlfiskoSkin/ScrollDownHover' (000001B35C6B7530) of type: BasicImage
05/11/2021 20:13:21 (Std) 	[ImageManager] Created image: 'AlfiskoSkin/ScrollLeftHover' (000001B35C6B7E60) of type: BasicImage
05/11/2021 20:13:21 (Std) 	[ImageManager] Created image: 'AlfiskoSkin/TitlebarActiveB' (000001B35C6B7680) of type: BasicImage
05/11/2021 20:13:21 (Std) 	[ImageManager] Created image: 'AlfiskoSkin/TitlebarActiveL' (000001B35C6B7A70) of type: BasicImage
05/11/2021 20:13:21 (Std) 	[ImageManager] Created image: 'AlfiskoSkin/TitlebarActiveR' (000001B35C6B7D10) of type: BasicImage
05/11/2021 20:13:21 (Std) 	[ImageManager] Created image: 'AlfiskoSkin/TitlebarActiveT' (000001B35C6B7FB0) of type: BasicImage
05/11/2021 20:13:21 (Std) 	[ImageManager] Created image: 'AlfiskoSkin/VertThumbHoverL' (000001B35C6B8250) of type: BasicImage
05/11/2021 20:13:21 (Std) 	[ImageManager] Created image: 'AlfiskoSkin/VertThumbHoverR' (000001B35C6B38D0) of type: BasicImage
05/11/2021 20:13:21 (Std) 	[ImageManager] Created image: 'AlfiskoSkin/ButtonHoverFill1' (000001B35C6B3A20) of type: BasicImage
05/11/2021 20:13:21 (Std) 	[ImageManager] Created image: 'AlfiskoSkin/ButtonHoverFill2' (000001B35C6BAC50) of type: BasicImage
05/11/2021 20:13:21 (Std) 	[ImageManager] Created image: 'AlfiskoSkin/HorzSliderTrackL' (000001B35C6B9360) of type: BasicImage
05/11/2021 20:13:21 (Std) 	[ImageManager] Created image: 'AlfiskoSkin/HorzSliderTrackR' (000001B35C6BA9B0) of type: BasicImage
05/11/2021 20:13:21 (Std) 	[ImageManager] Created image: 'AlfiskoSkin/HorzThumbHoverBL' (000001B35C6B94B0) of type: BasicImage
05/11/2021 20:13:21 (Std) 	[ImageManager] Created image: 'AlfiskoSkin/HorzThumbHoverBR' (000001B35C6BB2E0) of type: BasicImage
05/11/2021 20:13:21 (Std) 	[ImageManager] Created image: 'AlfiskoSkin/HorzThumbHoverTL' (000001B35C6BADA0) of type: BasicImage
05/11/2021 20:13:21 (Std) 	[ImageManager] Created image: 'AlfiskoSkin/HorzThumbHoverTR' (000001B35C6B9B40) of type: BasicImage
05/11/2021 20:13:21 (Std) 	[ImageManager] Created image: 'AlfiskoSkin/HorzThumbNormalB' (000001B35C6BB190) of type: BasicImage
05/11/2021 20:13:21 (Std) 	[ImageManager] Created image: 'AlfiskoSkin/HorzThumbNormalT' (000001B35C6B9DE0) of type: BasicImage
05/11/2021 20:13:21 (Std) 	[ImageManager] Created image: 'AlfiskoSkin/HorzThumbPushedB' (000001B35C6BA470) of type: BasicImage
05/11/2021 20:13:21 (Std) 	[ImageManager] Created image: 'AlfiskoSkin/HorzThumbPushedT' (000001B35C6B90C0) of type: BasicImage
05/11/2021 20:13:21 (Std) 	[ImageManager] Created image: 'AlfiskoSkin/HorzThumbShadowL' (000001B35C6BA5C0) of type: BasicImage
05/11/2021 20:13:21 (Std) 	[ImageManager] Created image: 'AlfiskoSkin/HorzThumbShadowR' (000001B35C6BA710) of type: BasicImage
05/11/2021 20:13:21 (Std) 	[ImageManager] Created image: 'AlfiskoSkin/ProgressFullFill' (000001B35C6BA320) of type: BasicImage
05/11/2021 20:13:21 (Std) 	[ImageManager] Created image: 'AlfiskoSkin/RadioButtonHover' (000001B35C6B9210) of type: BasicImage
05/11/2021 20:13:21 (Std) 	[ImageManager] Created image: 'AlfiskoSkin/ScrollDownNormal' (000001B35C6B9F30) of type: BasicImage
05/11/2021 20:13:21 (Std) 	[ImageManager] Created image: 'AlfiskoSkin/ScrollDownPushed' (000001B35C6B9600) of type: BasicImage
05/11/2021 20:13:21 (Std) 	[ImageManager] Created image: 'AlfiskoSkin/ScrollLeftNormal' (000001B35C6BAEF0) of type: BasicImage
05/11/2021 20:13:21 (Std) 	[ImageManager] Created image: 'AlfiskoSkin/ScrollLeftPushed' (000001B35C6B9C90) of type: BasicImage
05/11/2021 20:13:21 (Std) 	[ImageManager] Created image: 'AlfiskoSkin/ScrollRightHover' (000001B35C6BB040) of type: BasicImage
05/11/2021 20:13:21 (Std) 	[ImageManager] Created image: 'AlfiskoSkin/TitlebarActiveBL' (000001B35C6BB430) of type: BasicImage
05/11/2021 20:13:21 (Std) 	[ImageManager] Created image: 'AlfiskoSkin/TitlebarActiveBR' (000001B35C6B9750) of type: BasicImage
05/11/2021 20:13:21 (Std) 	[ImageManager] Created image: 'AlfiskoSkin/TitlebarActiveTL' (000001B35C6B8F70) of type: BasicImage
05/11/2021 20:13:21 (Std) 	[ImageManager] Created image: 'AlfiskoSkin/TitlebarActiveTR' (000001B35C6BA860) of type: BasicImage
05/11/2021 20:13:21 (Std) 	[ImageManager] Created image: 'AlfiskoSkin/VertSliderTrackB' (000001B35C6BB580) of type: BasicImage
05/11/2021 20:13:21 (Std) 	[ImageManager] Created image: 'AlfiskoSkin/VertSliderTrackT' (000001B35C6B98A0) of type: BasicImage
05/11/2021 20:13:21 (Std) 	[ImageManager] Created image: 'AlfiskoSkin/VertThumbHoverBL' (000001B35C6B8B80) of type: BasicImage
05/11/2021 20:13:21 (Std) 	[ImageManager] Created image: 'AlfiskoSkin/VertThumbHoverBR' (000001B35C6B8CD0) of type: BasicImage
05/11/2021 20:13:21 (Std) 	[ImageManager] Created image: 'AlfiskoSkin/VertThumbHoverTL' (000001B35C6BA080) of type: BasicImage
05/11/2021 20:13:21 (Std) 	[ImageManager] Created image: 'AlfiskoSkin/VertThumbHoverTR' (000001B35C6B99F0) of type: BasicImage
05/11/2021 20:13:21 (Std) 	[ImageManager] Created image: 'AlfiskoSkin/VertThumbNormalL' (000001B35C6BA1D0) of type: BasicImage
05/11/2021 20:13:21 (Std) 	[ImageManager] Created image: 'AlfiskoSkin/VertThumbNormalR' (000001B35C6B8E20) of type: BasicImage
05/11/2021 20:13:21 (Std) 	[ImageManager] Created image: 'AlfiskoSkin/VertThumbPushedL' (000001B35C6BAB00) of type: BasicImage
05/11/2021 20:13:21 (Std) 	[ImageManager] Created image: 'AlfiskoSkin/VertThumbPushedR' (000001B35C6AC060) of type: BasicImage
05/11/2021 20:13:21 (Std) 	[ImageManager] Created image: 'AlfiskoSkin/VertThumbShadowB' (000001B35C6A9120) of type: BasicImage
05/11/2021 20:13:21 (Std) 	[ImageManager] Created image: 'AlfiskoSkin/VertThumbShadowT' (000001B35C6AB1F0) of type: BasicImage
05/11/2021 20:13:21 (Std) 	[ImageManager] Created image: 'AlfiskoSkin/ButtonNormalFill1' (000001B35C6AB340) of type: BasicImage
05/11/2021 20:13:21 (Std) 	[ImageManager] Created image: 'AlfiskoSkin/ButtonNormalFill2' (000001B35C6AC1B0) of type: BasicImage
05/11/2021 20:13:21 (Std) 	[ImageManager] Created image: 'AlfiskoSkin/ButtonPushedFill1' (000001B35C6AD950) of type: BasicImage
05/11/2021 20:13:21 (Std) 	[ImageManager] Created image: 'AlfiskoSkin/ButtonPushedFill2' (000001B35C6AA8C0) of type: BasicImage
05/11/2021 20:13:21 (Std) 	[ImageManager] Created image: 'AlfiskoSkin/CloseButtonNormal' (000001B35C6A9CF0) of type: BasicImage
05/11/2021 20:13:21 (Std) 	[ImageManager] Created image: 'AlfiskoSkin/CloseButtonPushed' (000001B35C6AC5A0) of type: BasicImage
05/11/2021 20:13:21 (Std) 	[ImageManager] Created image: 'AlfiskoSkin/HorzSliderShadowL' (000001B35C6AC300) of type: BasicImage
05/11/2021 20:13:21 (Std) 	[ImageManager] Created image: 'AlfiskoSkin/HorzSliderShadowR' (000001B35C6A8D30) of type: BasicImage
05/11/2021 20:13:21 (Std) 	[ImageManager] Created image: 'AlfiskoSkin/HorzThumbNormalBL' (000001B35C6AC990) of type: BasicImage
05/11/2021 20:13:21 (Std) 	[ImageManager] Created image: 'AlfiskoSkin/HorzThumbNormalBR' (000001B35C6ACC30) of type: BasicImage
05/11/2021 20:13:21 (Std) 	[ImageManager] Created image: 'AlfiskoSkin/HorzThumbNormalTL' (000001B35C6AC450) of type: BasicImage
05/11/2021 20:13:21 (Std) 	[ImageManager] Created image: 'AlfiskoSkin/HorzThumbNormalTR' (000001B35C6AD020) of type: BasicImage
05/11/2021 20:13:21 (Std) 	[ImageManager] Created image: 'AlfiskoSkin/HorzThumbPushedBL' (000001B35C6AD6B0) of type: BasicImage
05/11/2021 20:13:21 (Std) 	[ImageManager] Created image: 'AlfiskoSkin/HorzThumbPushedBR' (000001B35C6AACB0) of type: BasicImage
05/11/2021 20:13:21 (Std) 	[ImageManager] Created image: 'AlfiskoSkin/HorzThumbPushedTL' (000001B35C6A8E80) of type: BasicImage
05/11/2021 20:13:21 (Std) 	[ImageManager] Created image: 'AlfiskoSkin/HorzThumbPushedTR' (000001B35C6AD800) of type: BasicImage
05/11/2021 20:13:21 (Std) 	[ImageManager] Created image: 'AlfiskoSkin/ProgressEmptyFill' (000001B35C6A9510) of type: BasicImage
05/11/2021 20:13:21 (Std) 	[ImageManager] Created image: 'AlfiskoSkin/RadioButtonNormal' (000001B35C6AD410) of type: BasicImage
05/11/2021 20:13:21 (Std) 	[ImageManager] Created image: 'AlfiskoSkin/ScrollRightNormal' (000001B35C6A93C0) of type: BasicImage
05/11/2021 20:13:21 (Std) 	[ImageManager] Created image: 'AlfiskoSkin/ScrollRightPushed' (000001B35C6AC6F0) of type: BasicImage
05/11/2021 20:13:21 (Std) 	[ImageManager] Created image: 'AlfiskoSkin/TitlebarInactiveB' (000001B35C6A9900) of type: BasicImage
05/11/2021 20:13:21 (Std) 	[ImageManager] Created image: 'AlfiskoSkin/TitlebarInactiveL' (000001B35C6AA4D0) of type: BasicImage
05/11/2021 20:13:21 (Std) 	[ImageManager] Created image: 'AlfiskoSkin/TitlebarInactiveR' (000001B35C6ABDC0) of type: BasicImage
05/11/2021 20:13:21 (Std) 	[ImageManager] Created image: 'AlfiskoSkin/TitlebarInactiveT' (000001B35C6A9F90) of type: BasicImage
05/11/2021 20:13:21 (Std) 	[ImageManager] Created image: 'AlfiskoSkin/VertSliderShadowB' (000001B35C6AD560) of type: BasicImage
05/11/2021 20:13:21 (Std) 	[ImageManager] Created image: 'AlfiskoSkin/VertSliderShadowT' (000001B35C6ABC70) of type: BasicImage
05/11/2021 20:13:21 (Std) 	[ImageManager] Created image: 'AlfiskoSkin/VertThumbNormalBL' (000001B35C6AC840) of type: BasicImage
05/11/2021 20:13:21 (Std) 	[ImageManager] Created image: 'AlfiskoSkin/VertThumbNormalBR' (000001B35C6AAA10) of type: BasicImage
05/11/2021 20:13:21 (Std) 	[ImageManager] Created image: 'AlfiskoSkin/VertThumbNormalTL' (000001B35C6AA0E0) of type: BasicImage
05/11/2021 20:13:21 (Std) 	[ImageManager] Created image: 'AlfiskoSkin/VertThumbNormalTR' (000001B35C6AB0A0) of type: BasicImage
05/11/2021 20:13:21 (Std) 	[ImageManager] Created image: 'AlfiskoSkin/VertThumbPushedBL' (000001B35C6A97B0) of type: BasicImage
05/11/2021 20:13:21 (Std) 	[ImageManager] Created image: 'AlfiskoSkin/VertThumbPushedBR' (000001B35C6AA620) of type: BasicImage
05/11/2021 20:13:21 (Std) 	[ImageManager] Created image: 'AlfiskoSkin/VertThumbPushedTL' (000001B35C6ACAE0) of type: BasicImage
05/11/2021 20:13:21 (Std) 	[ImageManager] Created image: 'AlfiskoSkin/VertThumbPushedTR' (000001B35C6A9A50) of type: BasicImage
05/11/2021 20:13:21 (Std) 	[ImageManager] Created image: 'AlfiskoSkin/HorzScrollbarFill1' (000001B35C6AA230) of type: BasicImage
05/11/2021 20:13:21 (Std) 	[ImageManager] Created image: 'AlfiskoSkin/HorzScrollbarFill2' (000001B35C6A9BA0) of type: BasicImage
05/11/2021 20:13:21 (Std) 	[ImageManager] Created image: 'AlfiskoSkin/RadioButtonChecked' (000001B35C6ACD80) of type: BasicImage
05/11/2021 20:13:21 (Std) 	[ImageManager] Created image: 'AlfiskoSkin/TitlebarInactiveBL' (000001B35C6AD170) of type: BasicImage
05/11/2021 20:13:21 (Std) 	[ImageManager] Created image: 'AlfiskoSkin/TitlebarInactiveBR' (000001B35C6ACED0) of type: BasicImage
05/11/2021 20:13:21 (Std) 	[ImageManager] Created image: 'AlfiskoSkin/TitlebarInactiveTL' (000001B35C6AB5E0) of type: BasicImage
05/11/2021 20:13:21 (Std) 	[ImageManager] Created image: 'AlfiskoSkin/TitlebarInactiveTR' (000001B35C6ADBF0) of type: BasicImage
05/11/2021 20:13:21 (Std) 	[ImageManager] Created image: 'AlfiskoSkin/VertScrollbarFill1' (000001B35C6AB880) of type: BasicImage
05/11/2021 20:13:21 (Std) 	[ImageManager] Created image: 'AlfiskoSkin/VertScrollbarFill2' (000001B35C6AD2C0) of type: BasicImage
05/11/2021 20:13:21 (Std) 	[ImageManager] Created image: 'AlfiskoSkin/HorzSliderTrackFill' (000001B35C6A9E40) of type: BasicImage
05/11/2021 20:13:21 (Std) 	[ImageManager] Created image: 'AlfiskoSkin/TitlebarActiveFill1' (000001B35C6A8FD0) of type: BasicImage
05/11/2021 20:13:21 (Std) 	[ImageManager] Created image: 'AlfiskoSkin/TitlebarActiveFill2' (000001B35C6ABF10) of type: BasicImage
05/11/2021 20:13:21 (Std) 	[ImageManager] Created image: 'AlfiskoSkin/VertSliderTrackFill' (000001B35C6ADAA0) of type: BasicImage
05/11/2021 20:13:21 (Std) 	[ImageManager] Created image: 'AlfiskoSkin/HorzSliderThumbHover' (000001B35C6AB730) of type: BasicImage
05/11/2021 20:13:21 (Std) 	[ImageManager] Created image: 'AlfiskoSkin/VertSliderThumbHover' (000001B35C6AB490) of type: BasicImage
05/11/2021 20:13:21 (Std) 	[ImageManager] Created image: 'AlfiskoSkin/HorzSliderThumbNormal' (000001B35C6ADD40) of type: BasicImage
05/11/2021 20:13:21 (Std) 	[ImageManager] Created image: 'AlfiskoSkin/HorzSliderThumbPushed' (000001B35C6AA380) of type: BasicImage
05/11/2021 20:13:21 (Std) 	[ImageManager] Created image: 'AlfiskoSkin/TitlebarInactiveFill1' (000001B35C6A8A90) of type: BasicImage
05/11/2021 20:13:21 (Std) 	[ImageManager] Created image: 'AlfiskoSkin/TitlebarInactiveFill2' (000001B35C6A9270) of type: BasicImage
05/11/2021 20:13:21 (Std) 	[ImageManager] Created image: 'AlfiskoSkin/VertSliderThumbNormal' (000001B35C6A8BE0) of type: BasicImage
05/11/2021 20:13:21 (Std) 	[ImageManager] Created image: 'AlfiskoSkin/VertSliderThumbPushed' (000001B35C6A9660) of type: BasicImage
05/11/2021 20:13:21 (Std) 	---- Returning existing instance of Font named 'DejaVuSans-12'.
05/11/2021 20:13:21 (Std) 	===== Falagard 'root' element: look and feel parsing begins =====
05/11/2021 20:13:21 (Std) 	===== Look and feel parsing completed =====
05/11/2021 20:13:21 (Std) 	No window renderer factories specified for module 'CEGUICoreWindowRendererSet' - adding all available factories...
05/11/2021 20:13:21 (Std) 	Creating falagard mapping for type 'AlfiskoSkin/Label' using base type 'DefaultWindow', window renderer 'Core/Default' Look'N'Feel 'AlfiskoSkin/Label' and RenderEffect ''. (000000160C38ABD0)
05/11/2021 20:13:21 (Std) 	Creating falagard mapping for type 'AlfiskoSkin/Button' using base type 'CEGUI/PushButton', window renderer 'Core/Button' Look'N'Feel 'AlfiskoSkin/Button' and RenderEffect ''. (000000160C38ABD0)
05/11/2021 20:13:21 (Std) 	Creating falagard mapping for type 'AlfiskoSkin/ImageButton' using base type 'CEGUI/PushButton', window renderer 'Core/Button' Look'N'Feel 'AlfiskoSkin/ImageButton' and RenderEffect ''. (000000160C38ABD0)
05/11/2021 20:13:21 (Std) 	Creating falagard mapping for type 'AlfiskoSkin/RadioButton' using base type 'CEGUI/RadioButton', window renderer 'Core/ToggleButton' Look'N'Feel 'AlfiskoSkin/RadioButton' and RenderEffect ''. (000000160C38ABD0)
05/11/2021 20:13:21 (Std) 	Creating falagard mapping for type 'AlfiskoSkin/Checkbox' using base type 'CEGUI/ToggleButton', window renderer 'Core/ToggleButton' Look'N'Feel 'AlfiskoSkin/Checkbox' and RenderEffect ''. (000000160C38ABD0)
05/11/2021 20:13:21 (Std) 	Creating falagard mapping for type 'AlfiskoSkin/Titlebar' using base type 'CEGUI/Titlebar', window renderer 'Core/Titlebar' Look'N'Feel 'AlfiskoSkin/Titlebar' and RenderEffect ''. (000000160C38ABD0)
05/11/2021 20:13:21 (Std) 	Creating falagard mapping for type 'AlfiskoSkin/FrameWindow' using base type 'CEGUI/FrameWindow', window renderer 'Core/FrameWindow' Look'N'Feel 'AlfiskoSkin/FrameWindow' and RenderEffect ''. (000000160C38ABD0)
05/11/2021 20:13:21 (Std) 	Creating falagard mapping for type 'AlfiskoSkin/Editbox' using base type 'CEGUI/Editbox', window renderer 'Core/Editbox' Look'N'Feel 'AlfiskoSkin/Editbox' and RenderEffect ''. (000000160C38ABD0)
05/11/2021 20:13:21 (Std) 	Creating falagard mapping for type 'AlfiskoSkin/VerticalScrollbarThumb' using base type 'CEGUI/Thumb', window renderer 'Core/Button' Look'N'Feel 'AlfiskoSkin/VerticalScrollbarThumb' and RenderEffect ''. (000000160C38ABD0)
05/11/2021 20:13:21 (Std) 	Creating falagard mapping for type 'AlfiskoSkin/VerticalScrollbar' using base type 'CEGUI/Scrollbar', window renderer 'Core/Scrollbar' Look'N'Feel 'AlfiskoSkin/VerticalScrollbar' and RenderEffect ''. (000000160C38ABD0)
05/11/2021 20:13:21 (Std) 	Creating falagard mapping for type 'AlfiskoSkin/HorizontalScrollbarThumb' using base type 'CEGUI/Thumb', window renderer 'Core/Button' Look'N'Feel 'AlfiskoSkin/HorizontalScrollbarThumb' and RenderEffect ''. (000000160C38ABD0)
05/11/2021 20:13:21 (Std) 	Creating falagard mapping for type 'AlfiskoSkin/HorizontalScrollbar' using base type 'CEGUI/Scrollbar', window renderer 'Core/Scrollbar' Look'N'Feel 'AlfiskoSkin/HorizontalScrollbar' and RenderEffect ''. (000000160C38ABD0)
05/11/2021 20:13:21 (Std) 	Creating falagard mapping for type 'AlfiskoSkin/MultiLineEditbox' using base type 'CEGUI/MultiLineEditbox', window renderer 'Core/MultiLineEditbox' Look'N'Feel 'AlfiskoSkin/MultiLineEditbox' and RenderEffect ''. (000000160C38ABD0)
05/11/2021 20:13:21 (Std) 	Creating falagard mapping for type 'AlfiskoSkin/ProgressBar' using base type 'CEGUI/ProgressBar', window renderer 'Core/ProgressBar' Look'N'Feel 'AlfiskoSkin/ProgressBar' and RenderEffect ''. (000000160C38ABD0)
05/11/2021 20:13:21 (Std) 	Creating falagard mapping for type 'AlfiskoSkin/HorizontalSliderThumb' using base type 'CEGUI/Thumb', window renderer 'Core/Button' Look'N'Feel 'AlfiskoSkin/HorizontalSliderThumb' and RenderEffect ''. (000000160C38ABD0)
05/11/2021 20:13:21 (Std) 	Creating falagard mapping for type 'AlfiskoSkin/HorizontalSlider' using base type 'CEGUI/Slider', window renderer 'Core/Slider' Look'N'Feel 'AlfiskoSkin/HorizontalSlider' and RenderEffect ''. (000000160C38ABD0)
05/11/2021 20:13:21 (Std) 	Creating falagard mapping for type 'AlfiskoSkin/VerticalSliderThumb' using base type 'CEGUI/Thumb', window renderer 'Core/Button' Look'N'Feel 'AlfiskoSkin/VerticalSliderThumb' and RenderEffect ''. (000000160C38ABD0)
05/11/2021 20:13:21 (Std) 	Creating falagard mapping for type 'AlfiskoSkin/VerticalSlider' using base type 'CEGUI/Slider', window renderer 'Core/Slider' Look'N'Feel 'AlfiskoSkin/VerticalSlider' and RenderEffect ''. (000000160C38ABD0)
05/11/2021 20:13:21 (Std) 	Creating falagard mapping for type 'AlfiskoSkin/MenuItem' using base type 'CEGUI/MenuItem', window renderer 'Core/MenuItem' Look'N'Feel 'AlfiskoSkin/MenuItem' and RenderEffect ''. (000000160C38ABD0)
05/11/2021 20:13:21 (Std) 	[OpenGLRenderer] Created texture: _ogl_tt_tex_0
05/11/2021 20:13:21 (Std) 	---- Successfully completed loading of GUI layout from 'application_templates.layout' ----
05/11/2021 20:13:21 (Std) 	[OpenGLRenderer] Created texture: DejaVuSans-10_auto_glyph_images_32
